
*** Running vivado
    with args -log design_1_axi_dynclk_0_0.vds -m64 -product Vivado -mode batch -messageDb vivado.pb -notrace -source design_1_axi_dynclk_0_0.tcl



****** Vivado v2021.1 (64-bit)
  **** SW Build 3247384 on Thu Jun 10 19:36:33 MDT 2021
  **** IP Build 3246043 on Fri Jun 11 00:30:35 MDT 2021
    ** Copyright 1986-2021 Xilinx, Inc. All Rights Reserved.

source design_1_axi_dynclk_0_0.tcl -notrace
INFO: [IP_Flow 19-234] Refreshing IP repositories
INFO: [IP_Flow 19-1700] Loaded user IP repository 'h:/Vivado/accel_conv_system_2021/source'.
INFO: [IP_Flow 19-1700] Loaded user IP repository 'h:/Vivado/ov5640/repo'.
INFO: [IP_Flow 19-1700] Loaded user IP repository 'h:/Vivado/conv-new/ip'.
INFO: [IP_Flow 19-2313] Loaded Vivado IP repository 'H:/Xilinx/Vivado/2021.1/data/ip'.
Command: synth_design -top design_1_axi_dynclk_0_0 -part xc7z035ffg676-2 -mode out_of_context
Starting synth_design
Attempting to get a license for feature 'Synthesis' and/or device 'xc7z035'
INFO: [Common 17-349] Got license for feature 'Synthesis' and/or device 'xc7z035'
INFO: [Device 21-403] Loading part xc7z035ffg676-2
INFO: [Synth 8-7079] Multithreading enabled for synth_design using a maximum of 2 processes.
INFO: [Synth 8-7078] Launching helper process for spawning children vivado processes
INFO: [Synth 8-7075] Helper process launched with PID 9304
---------------------------------------------------------------------------------
Starting RTL Elaboration : Time (s): cpu = 00:00:04 ; elapsed = 00:00:08 . Memory (MB): peak = 1535.004 ; gain = 0.000
---------------------------------------------------------------------------------
WARNING: [Synth 8-1565] actual for formal port rst is neither a static name nor a globally static expression [h:/Vivado/camerasignaltest/camerasignaltest.gen/sources_1/bd/design_1/ipshared/9097/src/axi_dynclk.vhd:225]
WARNING: [Synth 8-1565] actual for formal port s1_clkout0 is neither a static name nor a globally static expression [h:/Vivado/camerasignaltest/camerasignaltest.gen/sources_1/bd/design_1/ipshared/9097/src/axi_dynclk.vhd:227]
WARNING: [Synth 8-1565] actual for formal port s1_clkfbout is neither a static name nor a globally static expression [h:/Vivado/camerasignaltest/camerasignaltest.gen/sources_1/bd/design_1/ipshared/9097/src/axi_dynclk.vhd:228]
WARNING: [Synth 8-1565] actual for formal port s1_lock is neither a static name nor a globally static expression [h:/Vivado/camerasignaltest/camerasignaltest.gen/sources_1/bd/design_1/ipshared/9097/src/axi_dynclk.vhd:230]
INFO: [Synth 8-638] synthesizing module 'design_1_axi_dynclk_0_0' [h:/Vivado/camerasignaltest/camerasignaltest.gen/sources_1/bd/design_1/ip/design_1_axi_dynclk_0_0/synth/design_1_axi_dynclk_0_0.vhd:86]
	Parameter C_S00_AXI_DATA_WIDTH bound to: 32 - type: integer 
	Parameter C_S00_AXI_ADDR_WIDTH bound to: 5 - type: integer 
	Parameter ADD_BUFMR bound to: 0 - type: bool 
INFO: [Synth 8-3491] module 'axi_dynclk' declared at 'h:/Vivado/camerasignaltest/camerasignaltest.gen/sources_1/bd/design_1/ipshared/9097/src/axi_dynclk.vhd:10' bound to instance 'U0' of component 'axi_dynclk' [h:/Vivado/camerasignaltest/camerasignaltest.gen/sources_1/bd/design_1/ip/design_1_axi_dynclk_0_0/synth/design_1_axi_dynclk_0_0.vhd:161]
INFO: [Synth 8-638] synthesizing module 'axi_dynclk' [h:/Vivado/camerasignaltest/camerasignaltest.gen/sources_1/bd/design_1/ipshared/9097/src/axi_dynclk.vhd:57]
	Parameter C_S_AXI_DATA_WIDTH bound to: 32 - type: integer 
	Parameter C_S_AXI_ADDR_WIDTH bound to: 5 - type: integer 
INFO: [Synth 8-3491] module 'axi_dynclk_S00_AXI' declared at 'h:/Vivado/camerasignaltest/camerasignaltest.gen/sources_1/bd/design_1/ipshared/9097/src/axi_dynclk_S00_AXI.vhd:5' bound to instance 'axi_dynclk_S00_AXI_inst' of component 'axi_dynclk_S00_AXI' [h:/Vivado/camerasignaltest/camerasignaltest.gen/sources_1/bd/design_1/ipshared/9097/src/axi_dynclk.vhd:147]
INFO: [Synth 8-638] synthesizing module 'axi_dynclk_S00_AXI' [h:/Vivado/camerasignaltest/camerasignaltest.gen/sources_1/bd/design_1/ipshared/9097/src/axi_dynclk_S00_AXI.vhd:93]
INFO: [Synth 8-226] default block is never used [h:/Vivado/camerasignaltest/camerasignaltest.gen/sources_1/bd/design_1/ipshared/9097/src/axi_dynclk_S00_AXI.vhd:399]
INFO: [Synth 8-256] done synthesizing module 'axi_dynclk_S00_AXI' (1#1) [h:/Vivado/camerasignaltest/camerasignaltest.gen/sources_1/bd/design_1/ipshared/9097/src/axi_dynclk_S00_AXI.vhd:93]
INFO: [Synth 8-113] binding component instance 'BUFIO_inst' to cell 'BUFIO' [h:/Vivado/camerasignaltest/camerasignaltest.gen/sources_1/bd/design_1/ipshared/9097/src/axi_dynclk.vhd:198]
	Parameter BUFR_DIVIDE bound to: 5 - type: string 
	Parameter SIM_DEVICE bound to: 7SERIES - type: string 
INFO: [Synth 8-113] binding component instance 'BUFR_inst' to cell 'BUFR' [h:/Vivado/camerasignaltest/camerasignaltest.gen/sources_1/bd/design_1/ipshared/9097/src/axi_dynclk.vhd:204]
	Parameter DIV_F bound to: 2 - type: integer 
INFO: [Synth 8-3491] module 'mmcme2_drp' declared at 'h:/Vivado/camerasignaltest/camerasignaltest.gen/sources_1/bd/design_1/ipshared/9097/src/mmcme2_drp.v:50' bound to instance 'Inst_mmcme2_drp' of component 'mmcme2_drp' [h:/Vivado/camerasignaltest/camerasignaltest.gen/sources_1/bd/design_1/ipshared/9097/src/axi_dynclk.vhd:218]
INFO: [Synth 8-6157] synthesizing module 'mmcme2_drp' [h:/Vivado/camerasignaltest/camerasignaltest.gen/sources_1/bd/design_1/ipshared/9097/src/mmcme2_drp.v:50]
INFO: [Synth 8-6157] synthesizing module 'MMCME2_ADV' [H:/Xilinx/Vivado/2021.1/scripts/rt/data/unisim_comp.v:59963]
INFO: [Synth 8-6155] done synthesizing module 'MMCME2_ADV' (2#1) [H:/Xilinx/Vivado/2021.1/scripts/rt/data/unisim_comp.v:59963]
INFO: [Synth 8-6155] done synthesizing module 'mmcme2_drp' (3#1) [h:/Vivado/camerasignaltest/camerasignaltest.gen/sources_1/bd/design_1/ipshared/9097/src/mmcme2_drp.v:50]
INFO: [Synth 8-256] done synthesizing module 'axi_dynclk' (4#1) [h:/Vivado/camerasignaltest/camerasignaltest.gen/sources_1/bd/design_1/ipshared/9097/src/axi_dynclk.vhd:57]
INFO: [Synth 8-256] done synthesizing module 'design_1_axi_dynclk_0_0' (5#1) [h:/Vivado/camerasignaltest/camerasignaltest.gen/sources_1/bd/design_1/ip/design_1_axi_dynclk_0_0/synth/design_1_axi_dynclk_0_0.vhd:86]
---------------------------------------------------------------------------------
Finished RTL Elaboration : Time (s): cpu = 00:00:06 ; elapsed = 00:00:13 . Memory (MB): peak = 1535.004 ; gain = 0.000
---------------------------------------------------------------------------------
---------------------------------------------------------------------------------
Start Handling Custom Attributes
---------------------------------------------------------------------------------
---------------------------------------------------------------------------------
Finished Handling Custom Attributes : Time (s): cpu = 00:00:06 ; elapsed = 00:00:15 . Memory (MB): peak = 1535.004 ; gain = 0.000
---------------------------------------------------------------------------------
---------------------------------------------------------------------------------
Finished RTL Optimization Phase 1 : Time (s): cpu = 00:00:06 ; elapsed = 00:00:15 . Memory (MB): peak = 1535.004 ; gain = 0.000
---------------------------------------------------------------------------------
Netlist sorting complete. Time (s): cpu = 00:00:00 ; elapsed = 00:00:00.028 . Memory (MB): peak = 1535.004 ; gain = 0.000
INFO: [Netlist 29-17] Analyzing 2 Unisim elements for replacement
INFO: [Netlist 29-28] Unisim Transformation completed in 0 CPU seconds
INFO: [Project 1-570] Preparing netlist for logic optimization

Processing XDC Constraints
Initializing timing engine
Completed Processing XDC Constraints

Netlist sorting complete. Time (s): cpu = 00:00:00 ; elapsed = 00:00:00.001 . Memory (MB): peak = 1535.004 ; gain = 0.000
INFO: [Project 1-111] Unisim Transformation Summary:
No Unisim elements were transformed.

Constraint Validation Runtime : Time (s): cpu = 00:00:00 ; elapsed = 00:00:00.041 . Memory (MB): peak = 1535.004 ; gain = 0.000
---------------------------------------------------------------------------------
Finished Constraint Validation : Time (s): cpu = 00:00:12 ; elapsed = 00:00:24 . Memory (MB): peak = 1535.004 ; gain = 0.000
---------------------------------------------------------------------------------
---------------------------------------------------------------------------------
Start Loading Part and Timing Information
---------------------------------------------------------------------------------
Loading part: xc7z035ffg676-2
---------------------------------------------------------------------------------
Finished Loading Part and Timing Information : Time (s): cpu = 00:00:12 ; elapsed = 00:00:24 . Memory (MB): peak = 1535.004 ; gain = 0.000
---------------------------------------------------------------------------------
---------------------------------------------------------------------------------
Start Applying 'set_property' XDC Constraints
---------------------------------------------------------------------------------
---------------------------------------------------------------------------------
Finished applying 'set_property' XDC Constraints : Time (s): cpu = 00:00:12 ; elapsed = 00:00:24 . Memory (MB): peak = 1535.004 ; gain = 0.000
---------------------------------------------------------------------------------
INFO: [Synth 8-802] inferred FSM for state register 'current_state_reg' in module 'mmcme2_drp'
INFO: [Synth 8-802] inferred FSM for state register 'clk_state_reg' in module 'axi_dynclk'
---------------------------------------------------------------------------------------------------
                   State |                     New Encoding |                Previous Encoding 
---------------------------------------------------------------------------------------------------
                 RESTART |                        000000001 |                             0001
               WAIT_LOCK |                        000000010 |                             0010
                WAIT_SEN |                        000000100 |                             0011
                 ADDRESS |                        000001000 |                             0100
             WAIT_A_DRDY |                        000010000 |                             0101
                 BITMASK |                        000100000 |                             0110
                  BITSET |                        001000000 |                             0111
                   WRITE |                        010000000 |                             1000
               WAIT_DRDY |                        100000000 |                             1001
---------------------------------------------------------------------------------------------------
INFO: [Synth 8-3354] encoded FSM with state register 'current_state_reg' using encoding 'one-hot' in module 'mmcme2_drp'
---------------------------------------------------------------------------------------------------
                   State |                     New Encoding |                Previous Encoding 
---------------------------------------------------------------------------------------------------
                   reset |                            00001 |                              000
             wait_locked |                            00010 |                              001
                 wait_en |                            00100 |                              010
               wait_srdy |                            01000 |                              011
                 enabled |                            10000 |                              100
---------------------------------------------------------------------------------------------------
INFO: [Synth 8-3354] encoded FSM with state register 'clk_state_reg' using encoding 'one-hot' in module 'axi_dynclk'
---------------------------------------------------------------------------------
Finished RTL Optimization Phase 2 : Time (s): cpu = 00:00:13 ; elapsed = 00:00:25 . Memory (MB): peak = 1535.004 ; gain = 0.000
---------------------------------------------------------------------------------
---------------------------------------------------------------------------------
Start RTL Component Statistics 
---------------------------------------------------------------------------------
Detailed RTL Component Info : 
+---Adders : 
	   2 Input    4 Bit       Adders := 2     
+---Registers : 
	               39 Bit    Registers := 1     
	               32 Bit    Registers := 8     
	               16 Bit    Registers := 1     
	                7 Bit    Registers := 1     
	                5 Bit    Registers := 2     
	                4 Bit    Registers := 2     
	                2 Bit    Registers := 2     
	                1 Bit    Registers := 10    
+---Muxes : 
	   2 Input   32 Bit        Muxes := 7     
	   8 Input   32 Bit        Muxes := 7     
	   9 Input   16 Bit        Muxes := 1     
	   9 Input    9 Bit        Muxes := 1     
	   2 Input    9 Bit        Muxes := 5     
	   9 Input    7 Bit        Muxes := 1     
	   5 Input    5 Bit        Muxes := 1     
	   9 Input    4 Bit        Muxes := 2     
	   2 Input    1 Bit        Muxes := 5     
	   9 Input    1 Bit        Muxes := 8     
	   5 Input    1 Bit        Muxes := 1     
---------------------------------------------------------------------------------
Finished RTL Component Statistics 
---------------------------------------------------------------------------------
---------------------------------------------------------------------------------
Start Part Resource Summary
---------------------------------------------------------------------------------
Part Resources:
DSPs: 900 (col length:140)
BRAMs: 1000 (col length: RAMB18 140 RAMB36 70)
---------------------------------------------------------------------------------
Finished Part Resource Summary
---------------------------------------------------------------------------------
---------------------------------------------------------------------------------
Start Cross Boundary and Area Optimization
---------------------------------------------------------------------------------
---------------------------------------------------------------------------------
Finished Cross Boundary and Area Optimization : Time (s): cpu = 00:00:15 ; elapsed = 00:00:27 . Memory (MB): peak = 1535.004 ; gain = 0.000
---------------------------------------------------------------------------------
---------------------------------------------------------------------------------
Start Applying XDC Timing Constraints
---------------------------------------------------------------------------------
---------------------------------------------------------------------------------
Finished Applying XDC Timing Constraints : Time (s): cpu = 00:00:20 ; elapsed = 00:00:36 . Memory (MB): peak = 1535.004 ; gain = 0.000
---------------------------------------------------------------------------------
---------------------------------------------------------------------------------
Start Timing Optimization
---------------------------------------------------------------------------------
---------------------------------------------------------------------------------
Finished Timing Optimization : Time (s): cpu = 00:00:20 ; elapsed = 00:00:37 . Memory (MB): peak = 1535.004 ; gain = 0.000
---------------------------------------------------------------------------------
---------------------------------------------------------------------------------
Start Technology Mapping
---------------------------------------------------------------------------------
---------------------------------------------------------------------------------
Finished Technology Mapping : Time (s): cpu = 00:00:20 ; elapsed = 00:00:37 . Memory (MB): peak = 1535.004 ; gain = 0.000
---------------------------------------------------------------------------------
---------------------------------------------------------------------------------
Start IO Insertion
---------------------------------------------------------------------------------
---------------------------------------------------------------------------------
Start Flattening Before IO Insertion
---------------------------------------------------------------------------------
---------------------------------------------------------------------------------
Finished Flattening Before IO Insertion
---------------------------------------------------------------------------------
---------------------------------------------------------------------------------
Start Final Netlist Cleanup
---------------------------------------------------------------------------------
---------------------------------------------------------------------------------
Finished Final Netlist Cleanup
---------------------------------------------------------------------------------
---------------------------------------------------------------------------------
Finished IO Insertion : Time (s): cpu = 00:00:24 ; elapsed = 00:00:41 . Memory (MB): peak = 1535.004 ; gain = 0.000
---------------------------------------------------------------------------------
---------------------------------------------------------------------------------
Start Renaming Generated Instances
---------------------------------------------------------------------------------
---------------------------------------------------------------------------------
Finished Renaming Generated Instances : Time (s): cpu = 00:00:24 ; elapsed = 00:00:41 . Memory (MB): peak = 1535.004 ; gain = 0.000
---------------------------------------------------------------------------------
---------------------------------------------------------------------------------
Start Rebuilding User Hierarchy
---------------------------------------------------------------------------------
---------------------------------------------------------------------------------
Finished Rebuilding User Hierarchy : Time (s): cpu = 00:00:24 ; elapsed = 00:00:42 . Memory (MB): peak = 1535.004 ; gain = 0.000
---------------------------------------------------------------------------------
---------------------------------------------------------------------------------
Start Renaming Generated Ports
---------------------------------------------------------------------------------
---------------------------------------------------------------------------------
Finished Renaming Generated Ports : Time (s): cpu = 00:00:24 ; elapsed = 00:00:42 . Memory (MB): peak = 1535.004 ; gain = 0.000
---------------------------------------------------------------------------------
---------------------------------------------------------------------------------
Start Handling Custom Attributes
---------------------------------------------------------------------------------
---------------------------------------------------------------------------------
Finished Handling Custom Attributes : Time (s): cpu = 00:00:24 ; elapsed = 00:00:42 . Memory (MB): peak = 1535.004 ; gain = 0.000
---------------------------------------------------------------------------------
---------------------------------------------------------------------------------
Start Renaming Generated Nets
---------------------------------------------------------------------------------
---------------------------------------------------------------------------------
Finished Renaming Generated Nets : Time (s): cpu = 00:00:24 ; elapsed = 00:00:42 . Memory (MB): peak = 1535.004 ; gain = 0.000
---------------------------------------------------------------------------------
---------------------------------------------------------------------------------
Start Writing Synthesis Report
---------------------------------------------------------------------------------

Report BlackBoxes: 
+-+--------------+----------+
| |BlackBox name |Instances |
+-+--------------+----------+
+-+--------------+----------+

Report Cell Usage: 
+------+-----------+------+
|      |Cell       |Count |
+------+-----------+------+
|1     |BUFIO      |     1|
|2     |BUFR       |     1|
|3     |LUT1       |     3|
|4     |LUT2       |    10|
|5     |LUT3       |    10|
|6     |LUT4       |    41|
|7     |LUT5       |    97|
|8     |LUT6       |    70|
|9     |MMCME2_ADV |     1|
|10    |MUXF7      |    32|
|11    |FDRE       |   325|
|12    |FDSE       |    23|
+------+-----------+------+
---------------------------------------------------------------------------------
Finished Writing Synthesis Report : Time (s): cpu = 00:00:24 ; elapsed = 00:00:42 . Memory (MB): peak = 1535.004 ; gain = 0.000
---------------------------------------------------------------------------------
Synthesis finished with 0 errors, 0 critical warnings and 0 warnings.
Synthesis Optimization Runtime : Time (s): cpu = 00:00:16 ; elapsed = 00:00:38 . Memory (MB): peak = 1535.004 ; gain = 0.000
Synthesis Optimization Complete : Time (s): cpu = 00:00:24 ; elapsed = 00:00:42 . Memory (MB): peak = 1535.004 ; gain = 0.000
INFO: [Project 1-571] Translating synthesized netlist
Netlist sorting complete. Time (s): cpu = 00:00:00 ; elapsed = 00:00:00.011 . Memory (MB): peak = 1535.004 ; gain = 0.000
INFO: [Netlist 29-17] Analyzing 34 Unisim elements for replacement
INFO: [Netlist 29-28] Unisim Transformation completed in 0 CPU seconds
INFO: [Project 1-570] Preparing netlist for logic optimization
INFO: [Opt 31-138] Pushed 0 inverter(s) to 0 load pin(s).
Netlist sorting complete. Time (s): cpu = 00:00:00 ; elapsed = 00:00:00 . Memory (MB): peak = 1535.004 ; gain = 0.000
INFO: [Project 1-111] Unisim Transformation Summary:
No Unisim elements were transformed.

Synth Design complete, checksum: e1591fd8
INFO: [Common 17-83] Releasing license: Synthesis
41 Infos, 4 Warnings, 0 Critical Warnings and 0 Errors encountered.
synth_design completed successfully
synth_design: Time (s): cpu = 00:00:29 ; elapsed = 00:00:52 . Memory (MB): peak = 1535.004 ; gain = 58.281
INFO: [Common 17-1381] The checkpoint 'H:/Vivado/camerasignaltest/camerasignaltest.runs/design_1_axi_dynclk_0_0_synth_1/design_1_axi_dynclk_0_0.dcp' has been generated.
INFO: [Coretcl 2-1648] Added synthesis output to IP cache for IP design_1_axi_dynclk_0_0, cache-ID = ae94c9d5324c1248
INFO: [Coretcl 2-1174] Renamed 3 cell refs.
INFO: [Common 17-1381] The checkpoint 'H:/Vivado/camerasignaltest/camerasignaltest.runs/design_1_axi_dynclk_0_0_synth_1/design_1_axi_dynclk_0_0.dcp' has been generated.
INFO: [runtcl-4] Executing : report_utilization -file design_1_axi_dynclk_0_0_utilization_synth.rpt -pb design_1_axi_dynclk_0_0_utilization_synth.pb
INFO: [Common 17-206] Exiting Vivado at Sat Sep 16 16:11:08 2023...
