
*** Running vivado
    with args -log design_1_xbar_3.vds -m64 -product Vivado -mode batch -messageDb vivado.pb -notrace -source design_1_xbar_3.tcl



****** Vivado v2021.1 (64-bit)
  **** SW Build 3247384 on Thu Jun 10 19:36:33 MDT 2021
  **** IP Build 3246043 on Fri Jun 11 00:30:35 MDT 2021
    ** Copyright 1986-2021 Xilinx, Inc. All Rights Reserved.

source design_1_xbar_3.tcl -notrace
INFO: [IP_Flow 19-234] Refreshing IP repositories
INFO: [IP_Flow 19-1700] Loaded user IP repository 'h:/Vivado/accel_conv_system_2021/source'.
INFO: [IP_Flow 19-1700] Loaded user IP repository 'h:/Vivado/ov5640/repo'.
INFO: [IP_Flow 19-1700] Loaded user IP repository 'h:/Vivado/conv-new/ip'.
INFO: [IP_Flow 19-2313] Loaded Vivado IP repository 'H:/Xilinx/Vivado/2021.1/data/ip'.
Command: synth_design -top design_1_xbar_3 -part xc7z035ffg676-2 -mode out_of_context
Starting synth_design
Attempting to get a license for feature 'Synthesis' and/or device 'xc7z035'
INFO: [Common 17-349] Got license for feature 'Synthesis' and/or device 'xc7z035'
INFO: [Device 21-403] Loading part xc7z035ffg676-2
INFO: [Synth 8-7079] Multithreading enabled for synth_design using a maximum of 2 processes.
INFO: [Synth 8-7078] Launching helper process for spawning children vivado processes
INFO: [Synth 8-7075] Helper process launched with PID 19028
---------------------------------------------------------------------------------
Starting RTL Elaboration : Time (s): cpu = 00:00:06 ; elapsed = 00:00:11 . Memory (MB): peak = 1472.508 ; gain = 0.000
---------------------------------------------------------------------------------
INFO: [Synth 8-6157] synthesizing module 'design_1_xbar_3' [h:/Vivado/camerasignaltest/camerasignaltest.gen/sources_1/bd/design_1/ip/design_1_xbar_3/synth/design_1_xbar_3.v:59]
INFO: [Synth 8-6157] synthesizing module 'axi_crossbar_v2_1_25_axi_crossbar' [h:/Vivado/camerasignaltest/camerasignaltest.gen/sources_1/bd/design_1/ipshared/3917/hdl/axi_crossbar_v2_1_vl_rfs.v:4884]
INFO: [Synth 8-6157] synthesizing module 'axi_crossbar_v2_1_25_crossbar' [h:/Vivado/camerasignaltest/camerasignaltest.gen/sources_1/bd/design_1/ipshared/3917/hdl/axi_crossbar_v2_1_vl_rfs.v:2239]
INFO: [Synth 8-6157] synthesizing module 'axi_crossbar_v2_1_25_si_transactor' [h:/Vivado/camerasignaltest/camerasignaltest.gen/sources_1/bd/design_1/ipshared/3917/hdl/axi_crossbar_v2_1_vl_rfs.v:3800]
INFO: [Synth 8-6157] synthesizing module 'axi_crossbar_v2_1_25_addr_decoder' [h:/Vivado/camerasignaltest/camerasignaltest.gen/sources_1/bd/design_1/ipshared/3917/hdl/axi_crossbar_v2_1_vl_rfs.v:794]
INFO: [Synth 8-6157] synthesizing module 'generic_baseblocks_v2_1_0_comparator_static' [h:/Vivado/camerasignaltest/camerasignaltest.gen/sources_1/bd/design_1/ipshared/b752/hdl/generic_baseblocks_v2_1_vl_rfs.v:2133]
INFO: [Synth 8-6157] synthesizing module 'generic_baseblocks_v2_1_0_carry_and' [h:/Vivado/camerasignaltest/camerasignaltest.gen/sources_1/bd/design_1/ipshared/b752/hdl/generic_baseblocks_v2_1_vl_rfs.v:62]
INFO: [Synth 8-6155] done synthesizing module 'generic_baseblocks_v2_1_0_carry_and' (1#1) [h:/Vivado/camerasignaltest/camerasignaltest.gen/sources_1/bd/design_1/ipshared/b752/hdl/generic_baseblocks_v2_1_vl_rfs.v:62]
INFO: [Synth 8-6155] done synthesizing module 'generic_baseblocks_v2_1_0_comparator_static' (2#1) [h:/Vivado/camerasignaltest/camerasignaltest.gen/sources_1/bd/design_1/ipshared/b752/hdl/generic_baseblocks_v2_1_vl_rfs.v:2133]
INFO: [Synth 8-6155] done synthesizing module 'axi_crossbar_v2_1_25_addr_decoder' (3#1) [h:/Vivado/camerasignaltest/camerasignaltest.gen/sources_1/bd/design_1/ipshared/3917/hdl/axi_crossbar_v2_1_vl_rfs.v:794]
INFO: [Synth 8-6157] synthesizing module 'axi_data_fifo_v2_1_23_axic_srl_fifo' [h:/Vivado/camerasignaltest/camerasignaltest.gen/sources_1/bd/design_1/ipshared/94ec/hdl/axi_data_fifo_v2_1_vl_rfs.v:698]
INFO: [Synth 8-6157] synthesizing module 'axi_data_fifo_v2_1_23_ndeep_srl' [h:/Vivado/camerasignaltest/camerasignaltest.gen/sources_1/bd/design_1/ipshared/94ec/hdl/axi_data_fifo_v2_1_vl_rfs.v:1135]
INFO: [Synth 8-6157] synthesizing module 'SRLC32E' [H:/Xilinx/Vivado/2021.1/scripts/rt/data/unisim_comp.v:101111]
INFO: [Synth 8-6155] done synthesizing module 'SRLC32E' (4#1) [H:/Xilinx/Vivado/2021.1/scripts/rt/data/unisim_comp.v:101111]
INFO: [Synth 8-6155] done synthesizing module 'axi_data_fifo_v2_1_23_ndeep_srl' (5#1) [h:/Vivado/camerasignaltest/camerasignaltest.gen/sources_1/bd/design_1/ipshared/94ec/hdl/axi_data_fifo_v2_1_vl_rfs.v:1135]
INFO: [Synth 8-6155] done synthesizing module 'axi_data_fifo_v2_1_23_axic_srl_fifo' (6#1) [h:/Vivado/camerasignaltest/camerasignaltest.gen/sources_1/bd/design_1/ipshared/94ec/hdl/axi_data_fifo_v2_1_vl_rfs.v:698]
INFO: [Synth 8-6157] synthesizing module 'generic_baseblocks_v2_1_0_mux_enc' [h:/Vivado/camerasignaltest/camerasignaltest.gen/sources_1/bd/design_1/ipshared/b752/hdl/generic_baseblocks_v2_1_vl_rfs.v:2452]
INFO: [Synth 8-6155] done synthesizing module 'generic_baseblocks_v2_1_0_mux_enc' (7#1) [h:/Vivado/camerasignaltest/camerasignaltest.gen/sources_1/bd/design_1/ipshared/b752/hdl/generic_baseblocks_v2_1_vl_rfs.v:2452]
INFO: [Synth 8-6155] done synthesizing module 'axi_crossbar_v2_1_25_si_transactor' (8#1) [h:/Vivado/camerasignaltest/camerasignaltest.gen/sources_1/bd/design_1/ipshared/3917/hdl/axi_crossbar_v2_1_vl_rfs.v:3800]
INFO: [Synth 8-6157] synthesizing module 'axi_crossbar_v2_1_25_si_transactor__parameterized0' [h:/Vivado/camerasignaltest/camerasignaltest.gen/sources_1/bd/design_1/ipshared/3917/hdl/axi_crossbar_v2_1_vl_rfs.v:3800]
INFO: [Synth 8-6157] synthesizing module 'generic_baseblocks_v2_1_0_mux_enc__parameterized0' [h:/Vivado/camerasignaltest/camerasignaltest.gen/sources_1/bd/design_1/ipshared/b752/hdl/generic_baseblocks_v2_1_vl_rfs.v:2452]
INFO: [Synth 8-6155] done synthesizing module 'generic_baseblocks_v2_1_0_mux_enc__parameterized0' (8#1) [h:/Vivado/camerasignaltest/camerasignaltest.gen/sources_1/bd/design_1/ipshared/b752/hdl/generic_baseblocks_v2_1_vl_rfs.v:2452]
INFO: [Synth 8-6155] done synthesizing module 'axi_crossbar_v2_1_25_si_transactor__parameterized0' (8#1) [h:/Vivado/camerasignaltest/camerasignaltest.gen/sources_1/bd/design_1/ipshared/3917/hdl/axi_crossbar_v2_1_vl_rfs.v:3800]
INFO: [Synth 8-6157] synthesizing module 'axi_crossbar_v2_1_25_splitter' [h:/Vivado/camerasignaltest/camerasignaltest.gen/sources_1/bd/design_1/ipshared/3917/hdl/axi_crossbar_v2_1_vl_rfs.v:4461]
INFO: [Synth 8-6155] done synthesizing module 'axi_crossbar_v2_1_25_splitter' (9#1) [h:/Vivado/camerasignaltest/camerasignaltest.gen/sources_1/bd/design_1/ipshared/3917/hdl/axi_crossbar_v2_1_vl_rfs.v:4461]
INFO: [Synth 8-6157] synthesizing module 'axi_crossbar_v2_1_25_wdata_router' [h:/Vivado/camerasignaltest/camerasignaltest.gen/sources_1/bd/design_1/ipshared/3917/hdl/axi_crossbar_v2_1_vl_rfs.v:4736]
INFO: [Synth 8-6157] synthesizing module 'axi_data_fifo_v2_1_23_axic_reg_srl_fifo' [h:/Vivado/camerasignaltest/camerasignaltest.gen/sources_1/bd/design_1/ipshared/94ec/hdl/axi_data_fifo_v2_1_vl_rfs.v:889]
INFO: [Synth 8-6157] synthesizing module 'axi_data_fifo_v2_1_23_ndeep_srl__parameterized0' [h:/Vivado/camerasignaltest/camerasignaltest.gen/sources_1/bd/design_1/ipshared/94ec/hdl/axi_data_fifo_v2_1_vl_rfs.v:1135]
INFO: [Synth 8-6155] done synthesizing module 'axi_data_fifo_v2_1_23_ndeep_srl__parameterized0' (9#1) [h:/Vivado/camerasignaltest/camerasignaltest.gen/sources_1/bd/design_1/ipshared/94ec/hdl/axi_data_fifo_v2_1_vl_rfs.v:1135]
INFO: [Synth 8-155] case statement is not full and has no default [h:/Vivado/camerasignaltest/camerasignaltest.gen/sources_1/bd/design_1/ipshared/94ec/hdl/axi_data_fifo_v2_1_vl_rfs.v:986]
INFO: [Synth 8-6155] done synthesizing module 'axi_data_fifo_v2_1_23_axic_reg_srl_fifo' (10#1) [h:/Vivado/camerasignaltest/camerasignaltest.gen/sources_1/bd/design_1/ipshared/94ec/hdl/axi_data_fifo_v2_1_vl_rfs.v:889]
INFO: [Synth 8-6155] done synthesizing module 'axi_crossbar_v2_1_25_wdata_router' (11#1) [h:/Vivado/camerasignaltest/camerasignaltest.gen/sources_1/bd/design_1/ipshared/3917/hdl/axi_crossbar_v2_1_vl_rfs.v:4736]
INFO: [Synth 8-6157] synthesizing module 'axi_crossbar_v2_1_25_si_transactor__parameterized1' [h:/Vivado/camerasignaltest/camerasignaltest.gen/sources_1/bd/design_1/ipshared/3917/hdl/axi_crossbar_v2_1_vl_rfs.v:3800]
INFO: [Synth 8-6157] synthesizing module 'axi_data_fifo_v2_1_23_axic_srl_fifo__parameterized0' [h:/Vivado/camerasignaltest/camerasignaltest.gen/sources_1/bd/design_1/ipshared/94ec/hdl/axi_data_fifo_v2_1_vl_rfs.v:698]
INFO: [Synth 8-6157] synthesizing module 'axi_data_fifo_v2_1_23_ndeep_srl__parameterized1' [h:/Vivado/camerasignaltest/camerasignaltest.gen/sources_1/bd/design_1/ipshared/94ec/hdl/axi_data_fifo_v2_1_vl_rfs.v:1135]
INFO: [Synth 8-6155] done synthesizing module 'axi_data_fifo_v2_1_23_ndeep_srl__parameterized1' (11#1) [h:/Vivado/camerasignaltest/camerasignaltest.gen/sources_1/bd/design_1/ipshared/94ec/hdl/axi_data_fifo_v2_1_vl_rfs.v:1135]
INFO: [Synth 8-6155] done synthesizing module 'axi_data_fifo_v2_1_23_axic_srl_fifo__parameterized0' (11#1) [h:/Vivado/camerasignaltest/camerasignaltest.gen/sources_1/bd/design_1/ipshared/94ec/hdl/axi_data_fifo_v2_1_vl_rfs.v:698]
INFO: [Synth 8-6155] done synthesizing module 'axi_crossbar_v2_1_25_si_transactor__parameterized1' (11#1) [h:/Vivado/camerasignaltest/camerasignaltest.gen/sources_1/bd/design_1/ipshared/3917/hdl/axi_crossbar_v2_1_vl_rfs.v:3800]
INFO: [Synth 8-6157] synthesizing module 'axi_crossbar_v2_1_25_wdata_router__parameterized0' [h:/Vivado/camerasignaltest/camerasignaltest.gen/sources_1/bd/design_1/ipshared/3917/hdl/axi_crossbar_v2_1_vl_rfs.v:4736]
INFO: [Synth 8-6157] synthesizing module 'axi_data_fifo_v2_1_23_axic_reg_srl_fifo__parameterized0' [h:/Vivado/camerasignaltest/camerasignaltest.gen/sources_1/bd/design_1/ipshared/94ec/hdl/axi_data_fifo_v2_1_vl_rfs.v:889]
INFO: [Synth 8-155] case statement is not full and has no default [h:/Vivado/camerasignaltest/camerasignaltest.gen/sources_1/bd/design_1/ipshared/94ec/hdl/axi_data_fifo_v2_1_vl_rfs.v:986]
INFO: [Synth 8-6155] done synthesizing module 'axi_data_fifo_v2_1_23_axic_reg_srl_fifo__parameterized0' (11#1) [h:/Vivado/camerasignaltest/camerasignaltest.gen/sources_1/bd/design_1/ipshared/94ec/hdl/axi_data_fifo_v2_1_vl_rfs.v:889]
INFO: [Synth 8-6155] done synthesizing module 'axi_crossbar_v2_1_25_wdata_router__parameterized0' (11#1) [h:/Vivado/camerasignaltest/camerasignaltest.gen/sources_1/bd/design_1/ipshared/3917/hdl/axi_crossbar_v2_1_vl_rfs.v:4736]
INFO: [Synth 8-6157] synthesizing module 'axi_crossbar_v2_1_25_si_transactor__parameterized2' [h:/Vivado/camerasignaltest/camerasignaltest.gen/sources_1/bd/design_1/ipshared/3917/hdl/axi_crossbar_v2_1_vl_rfs.v:3800]
INFO: [Synth 8-6155] done synthesizing module 'axi_crossbar_v2_1_25_si_transactor__parameterized2' (11#1) [h:/Vivado/camerasignaltest/camerasignaltest.gen/sources_1/bd/design_1/ipshared/3917/hdl/axi_crossbar_v2_1_vl_rfs.v:3800]
INFO: [Synth 8-6157] synthesizing module 'axi_crossbar_v2_1_25_addr_decoder__parameterized0' [h:/Vivado/camerasignaltest/camerasignaltest.gen/sources_1/bd/design_1/ipshared/3917/hdl/axi_crossbar_v2_1_vl_rfs.v:794]
INFO: [Synth 8-6155] done synthesizing module 'axi_crossbar_v2_1_25_addr_decoder__parameterized0' (11#1) [h:/Vivado/camerasignaltest/camerasignaltest.gen/sources_1/bd/design_1/ipshared/3917/hdl/axi_crossbar_v2_1_vl_rfs.v:794]
INFO: [Synth 8-6157] synthesizing module 'axi_crossbar_v2_1_25_addr_decoder__parameterized1' [h:/Vivado/camerasignaltest/camerasignaltest.gen/sources_1/bd/design_1/ipshared/3917/hdl/axi_crossbar_v2_1_vl_rfs.v:794]
INFO: [Synth 8-6155] done synthesizing module 'axi_crossbar_v2_1_25_addr_decoder__parameterized1' (11#1) [h:/Vivado/camerasignaltest/camerasignaltest.gen/sources_1/bd/design_1/ipshared/3917/hdl/axi_crossbar_v2_1_vl_rfs.v:794]
INFO: [Synth 8-6157] synthesizing module 'axi_data_fifo_v2_1_23_axic_srl_fifo__parameterized1' [h:/Vivado/camerasignaltest/camerasignaltest.gen/sources_1/bd/design_1/ipshared/94ec/hdl/axi_data_fifo_v2_1_vl_rfs.v:698]
INFO: [Synth 8-6155] done synthesizing module 'axi_data_fifo_v2_1_23_axic_srl_fifo__parameterized1' (11#1) [h:/Vivado/camerasignaltest/camerasignaltest.gen/sources_1/bd/design_1/ipshared/94ec/hdl/axi_data_fifo_v2_1_vl_rfs.v:698]
INFO: [Synth 8-6157] synthesizing module 'axi_crossbar_v2_1_25_wdata_mux' [h:/Vivado/camerasignaltest/camerasignaltest.gen/sources_1/bd/design_1/ipshared/3917/hdl/axi_crossbar_v2_1_vl_rfs.v:4561]
INFO: [Synth 8-6157] synthesizing module 'axi_data_fifo_v2_1_23_axic_reg_srl_fifo__parameterized1' [h:/Vivado/camerasignaltest/camerasignaltest.gen/sources_1/bd/design_1/ipshared/94ec/hdl/axi_data_fifo_v2_1_vl_rfs.v:889]
INFO: [Synth 8-155] case statement is not full and has no default [h:/Vivado/camerasignaltest/camerasignaltest.gen/sources_1/bd/design_1/ipshared/94ec/hdl/axi_data_fifo_v2_1_vl_rfs.v:986]
INFO: [Synth 8-6155] done synthesizing module 'axi_data_fifo_v2_1_23_axic_reg_srl_fifo__parameterized1' (11#1) [h:/Vivado/camerasignaltest/camerasignaltest.gen/sources_1/bd/design_1/ipshared/94ec/hdl/axi_data_fifo_v2_1_vl_rfs.v:889]
INFO: [Synth 8-6157] synthesizing module 'generic_baseblocks_v2_1_0_mux_enc__parameterized1' [h:/Vivado/camerasignaltest/camerasignaltest.gen/sources_1/bd/design_1/ipshared/b752/hdl/generic_baseblocks_v2_1_vl_rfs.v:2452]
INFO: [Synth 8-6155] done synthesizing module 'generic_baseblocks_v2_1_0_mux_enc__parameterized1' (11#1) [h:/Vivado/camerasignaltest/camerasignaltest.gen/sources_1/bd/design_1/ipshared/b752/hdl/generic_baseblocks_v2_1_vl_rfs.v:2452]
INFO: [Synth 8-6155] done synthesizing module 'axi_crossbar_v2_1_25_wdata_mux' (12#1) [h:/Vivado/camerasignaltest/camerasignaltest.gen/sources_1/bd/design_1/ipshared/3917/hdl/axi_crossbar_v2_1_vl_rfs.v:4561]
INFO: [Synth 8-6157] synthesizing module 'axi_register_slice_v2_1_24_axi_register_slice' [h:/Vivado/camerasignaltest/camerasignaltest.gen/sources_1/bd/design_1/ipshared/8f68/hdl/axi_register_slice_v2_1_vl_rfs.v:3726]
INFO: [Synth 8-6157] synthesizing module 'axi_infrastructure_v1_1_0_axi2vector' [h:/Vivado/camerasignaltest/camerasignaltest.gen/sources_1/bd/design_1/ipshared/ec67/hdl/axi_infrastructure_v1_1_vl_rfs.v:60]
INFO: [Synth 8-6155] done synthesizing module 'axi_infrastructure_v1_1_0_axi2vector' (13#1) [h:/Vivado/camerasignaltest/camerasignaltest.gen/sources_1/bd/design_1/ipshared/ec67/hdl/axi_infrastructure_v1_1_vl_rfs.v:60]
INFO: [Synth 8-6157] synthesizing module 'axi_infrastructure_v1_1_0_vector2axi' [h:/Vivado/camerasignaltest/camerasignaltest.gen/sources_1/bd/design_1/ipshared/ec67/hdl/axi_infrastructure_v1_1_vl_rfs.v:474]
INFO: [Synth 8-6155] done synthesizing module 'axi_infrastructure_v1_1_0_vector2axi' (14#1) [h:/Vivado/camerasignaltest/camerasignaltest.gen/sources_1/bd/design_1/ipshared/ec67/hdl/axi_infrastructure_v1_1_vl_rfs.v:474]
INFO: [Synth 8-6157] synthesizing module 'axi_register_slice_v2_1_24_axic_register_slice' [h:/Vivado/camerasignaltest/camerasignaltest.gen/sources_1/bd/design_1/ipshared/8f68/hdl/axi_register_slice_v2_1_vl_rfs.v:1498]
INFO: [Synth 8-6155] done synthesizing module 'axi_register_slice_v2_1_24_axic_register_slice' (15#1) [h:/Vivado/camerasignaltest/camerasignaltest.gen/sources_1/bd/design_1/ipshared/8f68/hdl/axi_register_slice_v2_1_vl_rfs.v:1498]
INFO: [Synth 8-6157] synthesizing module 'axi_register_slice_v2_1_24_axic_register_slice__parameterized0' [h:/Vivado/camerasignaltest/camerasignaltest.gen/sources_1/bd/design_1/ipshared/8f68/hdl/axi_register_slice_v2_1_vl_rfs.v:1498]
INFO: [Synth 8-6155] done synthesizing module 'axi_register_slice_v2_1_24_axic_register_slice__parameterized0' (15#1) [h:/Vivado/camerasignaltest/camerasignaltest.gen/sources_1/bd/design_1/ipshared/8f68/hdl/axi_register_slice_v2_1_vl_rfs.v:1498]
INFO: [Synth 8-6157] synthesizing module 'axi_register_slice_v2_1_24_axic_register_slice__parameterized1' [h:/Vivado/camerasignaltest/camerasignaltest.gen/sources_1/bd/design_1/ipshared/8f68/hdl/axi_register_slice_v2_1_vl_rfs.v:1498]
INFO: [Synth 8-6155] done synthesizing module 'axi_register_slice_v2_1_24_axic_register_slice__parameterized1' (15#1) [h:/Vivado/camerasignaltest/camerasignaltest.gen/sources_1/bd/design_1/ipshared/8f68/hdl/axi_register_slice_v2_1_vl_rfs.v:1498]
INFO: [Synth 8-6157] synthesizing module 'axi_register_slice_v2_1_24_axic_register_slice__parameterized2' [h:/Vivado/camerasignaltest/camerasignaltest.gen/sources_1/bd/design_1/ipshared/8f68/hdl/axi_register_slice_v2_1_vl_rfs.v:1498]
INFO: [Synth 8-6155] done synthesizing module 'axi_register_slice_v2_1_24_axic_register_slice__parameterized2' (15#1) [h:/Vivado/camerasignaltest/camerasignaltest.gen/sources_1/bd/design_1/ipshared/8f68/hdl/axi_register_slice_v2_1_vl_rfs.v:1498]
INFO: [Synth 8-6155] done synthesizing module 'axi_register_slice_v2_1_24_axi_register_slice' (16#1) [h:/Vivado/camerasignaltest/camerasignaltest.gen/sources_1/bd/design_1/ipshared/8f68/hdl/axi_register_slice_v2_1_vl_rfs.v:3726]
WARNING: [Synth 8-7071] port 'aclk2x' of module 'axi_register_slice_v2_1_24_axi_register_slice' is unconnected for instance 'reg_slice_mi' [h:/Vivado/camerasignaltest/camerasignaltest.gen/sources_1/bd/design_1/ipshared/3917/hdl/axi_crossbar_v2_1_vl_rfs.v:3122]
WARNING: [Synth 8-7023] instance 'reg_slice_mi' of module 'axi_register_slice_v2_1_24_axi_register_slice' has 93 connections declared, but only 92 given [h:/Vivado/camerasignaltest/camerasignaltest.gen/sources_1/bd/design_1/ipshared/3917/hdl/axi_crossbar_v2_1_vl_rfs.v:3122]
INFO: [Synth 8-6157] synthesizing module 'axi_crossbar_v2_1_25_addr_decoder__parameterized2' [h:/Vivado/camerasignaltest/camerasignaltest.gen/sources_1/bd/design_1/ipshared/3917/hdl/axi_crossbar_v2_1_vl_rfs.v:794]
INFO: [Synth 8-6155] done synthesizing module 'axi_crossbar_v2_1_25_addr_decoder__parameterized2' (16#1) [h:/Vivado/camerasignaltest/camerasignaltest.gen/sources_1/bd/design_1/ipshared/3917/hdl/axi_crossbar_v2_1_vl_rfs.v:794]
INFO: [Synth 8-6157] synthesizing module 'axi_data_fifo_v2_1_23_axic_srl_fifo__parameterized2' [h:/Vivado/camerasignaltest/camerasignaltest.gen/sources_1/bd/design_1/ipshared/94ec/hdl/axi_data_fifo_v2_1_vl_rfs.v:698]
INFO: [Synth 8-6155] done synthesizing module 'axi_data_fifo_v2_1_23_axic_srl_fifo__parameterized2' (16#1) [h:/Vivado/camerasignaltest/camerasignaltest.gen/sources_1/bd/design_1/ipshared/94ec/hdl/axi_data_fifo_v2_1_vl_rfs.v:698]
INFO: [Synth 8-6157] synthesizing module 'axi_crossbar_v2_1_25_wdata_mux__parameterized0' [h:/Vivado/camerasignaltest/camerasignaltest.gen/sources_1/bd/design_1/ipshared/3917/hdl/axi_crossbar_v2_1_vl_rfs.v:4561]
INFO: [Synth 8-6157] synthesizing module 'axi_data_fifo_v2_1_23_axic_reg_srl_fifo__parameterized2' [h:/Vivado/camerasignaltest/camerasignaltest.gen/sources_1/bd/design_1/ipshared/94ec/hdl/axi_data_fifo_v2_1_vl_rfs.v:889]
INFO: [Synth 8-155] case statement is not full and has no default [h:/Vivado/camerasignaltest/camerasignaltest.gen/sources_1/bd/design_1/ipshared/94ec/hdl/axi_data_fifo_v2_1_vl_rfs.v:986]
INFO: [Synth 8-6155] done synthesizing module 'axi_data_fifo_v2_1_23_axic_reg_srl_fifo__parameterized2' (16#1) [h:/Vivado/camerasignaltest/camerasignaltest.gen/sources_1/bd/design_1/ipshared/94ec/hdl/axi_data_fifo_v2_1_vl_rfs.v:889]
INFO: [Synth 8-6155] done synthesizing module 'axi_crossbar_v2_1_25_wdata_mux__parameterized0' (16#1) [h:/Vivado/camerasignaltest/camerasignaltest.gen/sources_1/bd/design_1/ipshared/3917/hdl/axi_crossbar_v2_1_vl_rfs.v:4561]
WARNING: [Synth 8-7071] port 'aclk2x' of module 'axi_register_slice_v2_1_24_axi_register_slice' is unconnected for instance 'reg_slice_mi' [h:/Vivado/camerasignaltest/camerasignaltest.gen/sources_1/bd/design_1/ipshared/3917/hdl/axi_crossbar_v2_1_vl_rfs.v:3122]
WARNING: [Synth 8-7023] instance 'reg_slice_mi' of module 'axi_register_slice_v2_1_24_axi_register_slice' has 93 connections declared, but only 92 given [h:/Vivado/camerasignaltest/camerasignaltest.gen/sources_1/bd/design_1/ipshared/3917/hdl/axi_crossbar_v2_1_vl_rfs.v:3122]
INFO: [Synth 8-6157] synthesizing module 'axi_crossbar_v2_1_25_decerr_slave' [h:/Vivado/camerasignaltest/camerasignaltest.gen/sources_1/bd/design_1/ipshared/3917/hdl/axi_crossbar_v2_1_vl_rfs.v:3501]
INFO: [Synth 8-155] case statement is not full and has no default [h:/Vivado/camerasignaltest/camerasignaltest.gen/sources_1/bd/design_1/ipshared/3917/hdl/axi_crossbar_v2_1_vl_rfs.v:3633]
INFO: [Synth 8-6155] done synthesizing module 'axi_crossbar_v2_1_25_decerr_slave' (17#1) [h:/Vivado/camerasignaltest/camerasignaltest.gen/sources_1/bd/design_1/ipshared/3917/hdl/axi_crossbar_v2_1_vl_rfs.v:3501]
INFO: [Synth 8-6157] synthesizing module 'axi_crossbar_v2_1_25_addr_arbiter' [h:/Vivado/camerasignaltest/camerasignaltest.gen/sources_1/bd/design_1/ipshared/3917/hdl/axi_crossbar_v2_1_vl_rfs.v:423]
INFO: [Synth 8-6157] synthesizing module 'generic_baseblocks_v2_1_0_mux_enc__parameterized2' [h:/Vivado/camerasignaltest/camerasignaltest.gen/sources_1/bd/design_1/ipshared/b752/hdl/generic_baseblocks_v2_1_vl_rfs.v:2452]
INFO: [Synth 8-6155] done synthesizing module 'generic_baseblocks_v2_1_0_mux_enc__parameterized2' (17#1) [h:/Vivado/camerasignaltest/camerasignaltest.gen/sources_1/bd/design_1/ipshared/b752/hdl/generic_baseblocks_v2_1_vl_rfs.v:2452]
INFO: [Synth 8-6157] synthesizing module 'generic_baseblocks_v2_1_0_mux_enc__parameterized3' [h:/Vivado/camerasignaltest/camerasignaltest.gen/sources_1/bd/design_1/ipshared/b752/hdl/generic_baseblocks_v2_1_vl_rfs.v:2452]
INFO: [Synth 8-6155] done synthesizing module 'generic_baseblocks_v2_1_0_mux_enc__parameterized3' (17#1) [h:/Vivado/camerasignaltest/camerasignaltest.gen/sources_1/bd/design_1/ipshared/b752/hdl/generic_baseblocks_v2_1_vl_rfs.v:2452]
INFO: [Synth 8-6155] done synthesizing module 'axi_crossbar_v2_1_25_addr_arbiter' (18#1) [h:/Vivado/camerasignaltest/camerasignaltest.gen/sources_1/bd/design_1/ipshared/3917/hdl/axi_crossbar_v2_1_vl_rfs.v:423]
INFO: [Synth 8-6155] done synthesizing module 'axi_crossbar_v2_1_25_crossbar' (19#1) [h:/Vivado/camerasignaltest/camerasignaltest.gen/sources_1/bd/design_1/ipshared/3917/hdl/axi_crossbar_v2_1_vl_rfs.v:2239]
INFO: [Synth 8-6155] done synthesizing module 'axi_crossbar_v2_1_25_axi_crossbar' (20#1) [h:/Vivado/camerasignaltest/camerasignaltest.gen/sources_1/bd/design_1/ipshared/3917/hdl/axi_crossbar_v2_1_vl_rfs.v:4884]
INFO: [Synth 8-6155] done synthesizing module 'design_1_xbar_3' (21#1) [h:/Vivado/camerasignaltest/camerasignaltest.gen/sources_1/bd/design_1/ip/design_1_xbar_3/synth/design_1_xbar_3.v:59]
---------------------------------------------------------------------------------
Finished RTL Elaboration : Time (s): cpu = 00:00:12 ; elapsed = 00:00:26 . Memory (MB): peak = 1472.508 ; gain = 0.000
---------------------------------------------------------------------------------
---------------------------------------------------------------------------------
Start Handling Custom Attributes
---------------------------------------------------------------------------------
---------------------------------------------------------------------------------
Finished Handling Custom Attributes : Time (s): cpu = 00:00:13 ; elapsed = 00:00:27 . Memory (MB): peak = 1472.508 ; gain = 0.000
---------------------------------------------------------------------------------
---------------------------------------------------------------------------------
Finished RTL Optimization Phase 1 : Time (s): cpu = 00:00:13 ; elapsed = 00:00:27 . Memory (MB): peak = 1472.508 ; gain = 0.000
---------------------------------------------------------------------------------
Netlist sorting complete. Time (s): cpu = 00:00:00 ; elapsed = 00:00:00.175 . Memory (MB): peak = 1472.508 ; gain = 0.000
INFO: [Project 1-570] Preparing netlist for logic optimization

Processing XDC Constraints
Initializing timing engine
Parsing XDC File [h:/Vivado/camerasignaltest/camerasignaltest.gen/sources_1/bd/design_1/ip/design_1_xbar_3/design_1_xbar_3_ooc.xdc] for cell 'inst'
Finished Parsing XDC File [h:/Vivado/camerasignaltest/camerasignaltest.gen/sources_1/bd/design_1/ip/design_1_xbar_3/design_1_xbar_3_ooc.xdc] for cell 'inst'
Parsing XDC File [H:/Vivado/camerasignaltest/camerasignaltest.runs/design_1_xbar_3_synth_1/dont_touch.xdc]
Finished Parsing XDC File [H:/Vivado/camerasignaltest/camerasignaltest.runs/design_1_xbar_3_synth_1/dont_touch.xdc]
Completed Processing XDC Constraints

Netlist sorting complete. Time (s): cpu = 00:00:00 ; elapsed = 00:00:00.001 . Memory (MB): peak = 1569.691 ; gain = 0.000
INFO: [Project 1-111] Unisim Transformation Summary:
No Unisim elements were transformed.

Constraint Validation Runtime : Time (s): cpu = 00:00:00 ; elapsed = 00:00:00.087 . Memory (MB): peak = 1569.691 ; gain = 0.000
---------------------------------------------------------------------------------
Finished Constraint Validation : Time (s): cpu = 00:00:20 ; elapsed = 00:00:37 . Memory (MB): peak = 1569.691 ; gain = 97.184
---------------------------------------------------------------------------------
---------------------------------------------------------------------------------
Start Loading Part and Timing Information
---------------------------------------------------------------------------------
Loading part: xc7z035ffg676-2
---------------------------------------------------------------------------------
Finished Loading Part and Timing Information : Time (s): cpu = 00:00:20 ; elapsed = 00:00:37 . Memory (MB): peak = 1569.691 ; gain = 97.184
---------------------------------------------------------------------------------
---------------------------------------------------------------------------------
Start Applying 'set_property' XDC Constraints
---------------------------------------------------------------------------------
Applied set_property KEEP_HIERARCHY = SOFT for inst. (constraint file  H:/Vivado/camerasignaltest/camerasignaltest.runs/design_1_xbar_3_synth_1/dont_touch.xdc, line 9).
---------------------------------------------------------------------------------
Finished applying 'set_property' XDC Constraints : Time (s): cpu = 00:00:20 ; elapsed = 00:00:37 . Memory (MB): peak = 1569.691 ; gain = 97.184
---------------------------------------------------------------------------------
INFO: [Synth 8-802] inferred FSM for state register 'state_reg' in module 'axi_data_fifo_v2_1_23_axic_reg_srl_fifo'
INFO: [Synth 8-802] inferred FSM for state register 'state_reg' in module 'axi_data_fifo_v2_1_23_axic_reg_srl_fifo__parameterized0'
INFO: [Synth 8-802] inferred FSM for state register 'state_reg' in module 'axi_data_fifo_v2_1_23_axic_reg_srl_fifo__parameterized1'
INFO: [Synth 8-802] inferred FSM for state register 'state_reg' in module 'axi_data_fifo_v2_1_23_axic_reg_srl_fifo__parameterized2'
INFO: [Synth 8-802] inferred FSM for state register 'gen_axi.write_cs_reg' in module 'axi_crossbar_v2_1_25_decerr_slave'
---------------------------------------------------------------------------------------------------
                   State |                     New Encoding |                Previous Encoding 
---------------------------------------------------------------------------------------------------
                    ZERO |                             1000 |                               10
                     ONE |                             0010 |                               11
                     TWO |                             0001 |                               01
                  iSTATE |                             0100 |                               00
---------------------------------------------------------------------------------------------------
INFO: [Synth 8-3354] encoded FSM with state register 'state_reg' using encoding 'one-hot' in module 'axi_data_fifo_v2_1_23_axic_reg_srl_fifo'
---------------------------------------------------------------------------------------------------
                   State |                     New Encoding |                Previous Encoding 
---------------------------------------------------------------------------------------------------
                    ZERO |                             1000 |                               10
                     ONE |                             0010 |                               11
                     TWO |                             0001 |                               01
                  iSTATE |                             0100 |                               00
---------------------------------------------------------------------------------------------------
INFO: [Synth 8-3354] encoded FSM with state register 'state_reg' using encoding 'one-hot' in module 'axi_data_fifo_v2_1_23_axic_reg_srl_fifo__parameterized0'
---------------------------------------------------------------------------------------------------
                   State |                     New Encoding |                Previous Encoding 
---------------------------------------------------------------------------------------------------
                    ZERO |                             1000 |                               10
                     ONE |                             0010 |                               11
                     TWO |                             0001 |                               01
                  iSTATE |                             0100 |                               00
---------------------------------------------------------------------------------------------------
INFO: [Synth 8-3354] encoded FSM with state register 'state_reg' using encoding 'one-hot' in module 'axi_data_fifo_v2_1_23_axic_reg_srl_fifo__parameterized1'
---------------------------------------------------------------------------------------------------
                   State |                     New Encoding |                Previous Encoding 
---------------------------------------------------------------------------------------------------
                    ZERO |                             1000 |                               10
                     ONE |                             0010 |                               11
                     TWO |                             0001 |                               01
                  iSTATE |                             0100 |                               00
---------------------------------------------------------------------------------------------------
INFO: [Synth 8-3354] encoded FSM with state register 'state_reg' using encoding 'one-hot' in module 'axi_data_fifo_v2_1_23_axic_reg_srl_fifo__parameterized2'
---------------------------------------------------------------------------------------------------
                   State |                     New Encoding |                Previous Encoding 
---------------------------------------------------------------------------------------------------
            P_WRITE_IDLE |                              001 |                               00
            P_WRITE_DATA |                              010 |                               01
            P_WRITE_RESP |                              100 |                               10
---------------------------------------------------------------------------------------------------
INFO: [Synth 8-3354] encoded FSM with state register 'gen_axi.write_cs_reg' using encoding 'one-hot' in module 'axi_crossbar_v2_1_25_decerr_slave'
---------------------------------------------------------------------------------
Finished RTL Optimization Phase 2 : Time (s): cpu = 00:00:21 ; elapsed = 00:00:40 . Memory (MB): peak = 1569.691 ; gain = 97.184
---------------------------------------------------------------------------------
---------------------------------------------------------------------------------
Start RTL Component Statistics 
---------------------------------------------------------------------------------
Detailed RTL Component Info : 
+---Adders : 
	   2 Input    8 Bit       Adders := 3     
	   2 Input    4 Bit       Adders := 6     
	   2 Input    3 Bit       Adders := 5     
	   2 Input    2 Bit       Adders := 9     
	   2 Input    1 Bit       Adders := 4     
+---XORs : 
	   2 Input      1 Bit         XORs := 10    
+---Registers : 
	               69 Bit    Registers := 4     
	               65 Bit    Registers := 2     
	                8 Bit    Registers := 3     
	                4 Bit    Registers := 18    
	                3 Bit    Registers := 3     
	                2 Bit    Registers := 26    
	                1 Bit    Registers := 41    
+---Muxes : 
	   2 Input   69 Bit        Muxes := 4     
	   2 Input   16 Bit        Muxes := 4     
	   2 Input    8 Bit        Muxes := 1     
	   3 Input    4 Bit        Muxes := 4     
	   2 Input    4 Bit        Muxes := 18    
	   2 Input    3 Bit        Muxes := 2     
	   2 Input    2 Bit        Muxes := 20    
	   2 Input    1 Bit        Muxes := 100   
	   4 Input    1 Bit        Muxes := 12    
	   3 Input    1 Bit        Muxes := 9     
---------------------------------------------------------------------------------
Finished RTL Component Statistics 
---------------------------------------------------------------------------------
---------------------------------------------------------------------------------
Start Part Resource Summary
---------------------------------------------------------------------------------
Part Resources:
DSPs: 900 (col length:140)
BRAMs: 1000 (col length: RAMB18 140 RAMB36 70)
---------------------------------------------------------------------------------
Finished Part Resource Summary
---------------------------------------------------------------------------------
---------------------------------------------------------------------------------
Start Cross Boundary and Area Optimization
---------------------------------------------------------------------------------
---------------------------------------------------------------------------------
Finished Cross Boundary and Area Optimization : Time (s): cpu = 00:00:25 ; elapsed = 00:00:46 . Memory (MB): peak = 1569.691 ; gain = 97.184
---------------------------------------------------------------------------------
---------------------------------------------------------------------------------
Start Applying XDC Timing Constraints
---------------------------------------------------------------------------------
---------------------------------------------------------------------------------
Finished Applying XDC Timing Constraints : Time (s): cpu = 00:00:31 ; elapsed = 00:00:54 . Memory (MB): peak = 1569.691 ; gain = 97.184
---------------------------------------------------------------------------------
---------------------------------------------------------------------------------
Start Timing Optimization
---------------------------------------------------------------------------------
---------------------------------------------------------------------------------
Finished Timing Optimization : Time (s): cpu = 00:00:33 ; elapsed = 00:00:56 . Memory (MB): peak = 1569.691 ; gain = 97.184
---------------------------------------------------------------------------------
---------------------------------------------------------------------------------
Start Technology Mapping
---------------------------------------------------------------------------------
---------------------------------------------------------------------------------
Finished Technology Mapping : Time (s): cpu = 00:00:33 ; elapsed = 00:00:57 . Memory (MB): peak = 1569.691 ; gain = 97.184
---------------------------------------------------------------------------------
---------------------------------------------------------------------------------
Start IO Insertion
---------------------------------------------------------------------------------
---------------------------------------------------------------------------------
Start Flattening Before IO Insertion
---------------------------------------------------------------------------------
---------------------------------------------------------------------------------
Finished Flattening Before IO Insertion
---------------------------------------------------------------------------------
---------------------------------------------------------------------------------
Start Final Netlist Cleanup
---------------------------------------------------------------------------------
---------------------------------------------------------------------------------
Finished Final Netlist Cleanup
---------------------------------------------------------------------------------
---------------------------------------------------------------------------------
Finished IO Insertion : Time (s): cpu = 00:00:37 ; elapsed = 00:01:01 . Memory (MB): peak = 1569.691 ; gain = 97.184
---------------------------------------------------------------------------------
---------------------------------------------------------------------------------
Start Renaming Generated Instances
---------------------------------------------------------------------------------
---------------------------------------------------------------------------------
Finished Renaming Generated Instances : Time (s): cpu = 00:00:37 ; elapsed = 00:01:01 . Memory (MB): peak = 1569.691 ; gain = 97.184
---------------------------------------------------------------------------------
---------------------------------------------------------------------------------
Start Rebuilding User Hierarchy
---------------------------------------------------------------------------------
---------------------------------------------------------------------------------
Finished Rebuilding User Hierarchy : Time (s): cpu = 00:00:37 ; elapsed = 00:01:01 . Memory (MB): peak = 1569.691 ; gain = 97.184
---------------------------------------------------------------------------------
---------------------------------------------------------------------------------
Start Renaming Generated Ports
---------------------------------------------------------------------------------
---------------------------------------------------------------------------------
Finished Renaming Generated Ports : Time (s): cpu = 00:00:37 ; elapsed = 00:01:01 . Memory (MB): peak = 1569.691 ; gain = 97.184
---------------------------------------------------------------------------------
---------------------------------------------------------------------------------
Start Handling Custom Attributes
---------------------------------------------------------------------------------
---------------------------------------------------------------------------------
Finished Handling Custom Attributes : Time (s): cpu = 00:00:37 ; elapsed = 00:01:01 . Memory (MB): peak = 1569.691 ; gain = 97.184
---------------------------------------------------------------------------------
---------------------------------------------------------------------------------
Start Renaming Generated Nets
---------------------------------------------------------------------------------
---------------------------------------------------------------------------------
Finished Renaming Generated Nets : Time (s): cpu = 00:00:37 ; elapsed = 00:01:01 . Memory (MB): peak = 1569.691 ; gain = 97.184
---------------------------------------------------------------------------------
---------------------------------------------------------------------------------
Start Writing Synthesis Report
---------------------------------------------------------------------------------

Report BlackBoxes: 
+-+--------------+----------+
| |BlackBox name |Instances |
+-+--------------+----------+
+-+--------------+----------+

Report Cell Usage: 
+------+--------+------+
|      |Cell    |Count |
+------+--------+------+
|1     |LUT1    |     7|
|2     |LUT2    |   167|
|3     |LUT3    |   172|
|4     |LUT4    |   187|
|5     |LUT5    |    44|
|6     |LUT6    |   110|
|7     |SRLC32E |     6|
|8     |FDRE    |   375|
|9     |FDSE    |    20|
+------+--------+------+
---------------------------------------------------------------------------------
Finished Writing Synthesis Report : Time (s): cpu = 00:00:37 ; elapsed = 00:01:01 . Memory (MB): peak = 1569.691 ; gain = 97.184
---------------------------------------------------------------------------------
Synthesis finished with 0 errors, 0 critical warnings and 0 warnings.
Synthesis Optimization Runtime : Time (s): cpu = 00:00:21 ; elapsed = 00:00:57 . Memory (MB): peak = 1569.691 ; gain = 0.000
Synthesis Optimization Complete : Time (s): cpu = 00:00:37 ; elapsed = 00:01:02 . Memory (MB): peak = 1569.691 ; gain = 97.184
INFO: [Project 1-571] Translating synthesized netlist
Netlist sorting complete. Time (s): cpu = 00:00:00 ; elapsed = 00:00:00.047 . Memory (MB): peak = 1569.691 ; gain = 0.000
INFO: [Project 1-570] Preparing netlist for logic optimization
INFO: [Opt 31-138] Pushed 0 inverter(s) to 0 load pin(s).
Netlist sorting complete. Time (s): cpu = 00:00:00 ; elapsed = 00:00:00 . Memory (MB): peak = 1569.691 ; gain = 0.000
INFO: [Project 1-111] Unisim Transformation Summary:
No Unisim elements were transformed.

Synth Design complete, checksum: 1e211c14
INFO: [Common 17-83] Releasing license: Synthesis
120 Infos, 4 Warnings, 0 Critical Warnings and 0 Errors encountered.
synth_design completed successfully
synth_design: Time (s): cpu = 00:00:43 ; elapsed = 00:01:10 . Memory (MB): peak = 1569.691 ; gain = 97.184
INFO: [Common 17-1381] The checkpoint 'H:/Vivado/camerasignaltest/camerasignaltest.runs/design_1_xbar_3_synth_1/design_1_xbar_3.dcp' has been generated.
INFO: [Coretcl 2-1648] Added synthesis output to IP cache for IP design_1_xbar_3, cache-ID = 845aaeb9d23e3eb1
INFO: [Coretcl 2-1174] Renamed 32 cell refs.
INFO: [Common 17-1381] The checkpoint 'H:/Vivado/camerasignaltest/camerasignaltest.runs/design_1_xbar_3_synth_1/design_1_xbar_3.dcp' has been generated.
INFO: [runtcl-4] Executing : report_utilization -file design_1_xbar_3_utilization_synth.rpt -pb design_1_xbar_3_utilization_synth.pb
INFO: [Common 17-206] Exiting Vivado at Sat Sep 16 16:11:20 2023...

*** Running vivado
    with args -log design_1_xbar_3.vds -m64 -product Vivado -mode batch -messageDb vivado.pb -notrace -source design_1_xbar_3.tcl



****** Vivado v2021.1 (64-bit)
  **** SW Build 3247384 on Thu Jun 10 19:36:33 MDT 2021
  **** IP Build 3246043 on Fri Jun 11 00:30:35 MDT 2021
    ** Copyright 1986-2021 Xilinx, Inc. All Rights Reserved.

source design_1_xbar_3.tcl -notrace
INFO: [IP_Flow 19-234] Refreshing IP repositories
INFO: [IP_Flow 19-1700] Loaded user IP repository 'h:/Vivado/accel_conv_system_2021/source'.
INFO: [IP_Flow 19-1700] Loaded user IP repository 'h:/Vivado/ov5640/repo'.
INFO: [IP_Flow 19-1700] Loaded user IP repository 'h:/Vivado/conv-new/ip'.
WARNING: [IP_Flow 19-3685] Ignored loading user repository 'h:/Vivado/accel_conv_system_2021/source/xilinx_com_hls_hls_preprocess_1_0'. The path is contained within another repository.
INFO: [IP_Flow 19-2313] Loaded Vivado IP repository 'H:/Xilinx/Vivado/2021.1/data/ip'.
Command: synth_design -top design_1_xbar_3 -part xc7z035ffg676-2 -mode out_of_context
Starting synth_design
Attempting to get a license for feature 'Synthesis' and/or device 'xc7z035'
INFO: [Common 17-349] Got license for feature 'Synthesis' and/or device 'xc7z035'
INFO: [Device 21-403] Loading part xc7z035ffg676-2
INFO: [Synth 8-7079] Multithreading enabled for synth_design using a maximum of 2 processes.
INFO: [Synth 8-7078] Launching helper process for spawning children vivado processes
INFO: [Synth 8-7075] Helper process launched with PID 22232
---------------------------------------------------------------------------------
Starting RTL Elaboration : Time (s): cpu = 00:00:06 ; elapsed = 00:00:07 . Memory (MB): peak = 1315.145 ; gain = 0.000
---------------------------------------------------------------------------------
INFO: [Synth 8-6157] synthesizing module 'design_1_xbar_3' [h:/Vivado/camerasignaltest/camerasignaltest.gen/sources_1/bd/design_1/ip/design_1_xbar_3/synth/design_1_xbar_3.v:59]
INFO: [Synth 8-6157] synthesizing module 'axi_crossbar_v2_1_25_axi_crossbar' [h:/Vivado/camerasignaltest/camerasignaltest.gen/sources_1/bd/design_1/ipshared/3917/hdl/axi_crossbar_v2_1_vl_rfs.v:4884]
INFO: [Synth 8-6157] synthesizing module 'axi_crossbar_v2_1_25_crossbar' [h:/Vivado/camerasignaltest/camerasignaltest.gen/sources_1/bd/design_1/ipshared/3917/hdl/axi_crossbar_v2_1_vl_rfs.v:2239]
INFO: [Synth 8-6157] synthesizing module 'axi_crossbar_v2_1_25_si_transactor' [h:/Vivado/camerasignaltest/camerasignaltest.gen/sources_1/bd/design_1/ipshared/3917/hdl/axi_crossbar_v2_1_vl_rfs.v:3800]
INFO: [Synth 8-6157] synthesizing module 'axi_crossbar_v2_1_25_addr_decoder' [h:/Vivado/camerasignaltest/camerasignaltest.gen/sources_1/bd/design_1/ipshared/3917/hdl/axi_crossbar_v2_1_vl_rfs.v:794]
INFO: [Synth 8-6157] synthesizing module 'generic_baseblocks_v2_1_0_comparator_static' [h:/Vivado/camerasignaltest/camerasignaltest.gen/sources_1/bd/design_1/ipshared/b752/hdl/generic_baseblocks_v2_1_vl_rfs.v:2133]
INFO: [Synth 8-6157] synthesizing module 'generic_baseblocks_v2_1_0_carry_and' [h:/Vivado/camerasignaltest/camerasignaltest.gen/sources_1/bd/design_1/ipshared/b752/hdl/generic_baseblocks_v2_1_vl_rfs.v:62]
INFO: [Synth 8-6155] done synthesizing module 'generic_baseblocks_v2_1_0_carry_and' (1#1) [h:/Vivado/camerasignaltest/camerasignaltest.gen/sources_1/bd/design_1/ipshared/b752/hdl/generic_baseblocks_v2_1_vl_rfs.v:62]
INFO: [Synth 8-6155] done synthesizing module 'generic_baseblocks_v2_1_0_comparator_static' (2#1) [h:/Vivado/camerasignaltest/camerasignaltest.gen/sources_1/bd/design_1/ipshared/b752/hdl/generic_baseblocks_v2_1_vl_rfs.v:2133]
INFO: [Synth 8-6155] done synthesizing module 'axi_crossbar_v2_1_25_addr_decoder' (3#1) [h:/Vivado/camerasignaltest/camerasignaltest.gen/sources_1/bd/design_1/ipshared/3917/hdl/axi_crossbar_v2_1_vl_rfs.v:794]
INFO: [Synth 8-6157] synthesizing module 'axi_data_fifo_v2_1_23_axic_srl_fifo' [h:/Vivado/camerasignaltest/camerasignaltest.gen/sources_1/bd/design_1/ipshared/94ec/hdl/axi_data_fifo_v2_1_vl_rfs.v:698]
INFO: [Synth 8-6157] synthesizing module 'axi_data_fifo_v2_1_23_ndeep_srl' [h:/Vivado/camerasignaltest/camerasignaltest.gen/sources_1/bd/design_1/ipshared/94ec/hdl/axi_data_fifo_v2_1_vl_rfs.v:1135]
INFO: [Synth 8-6157] synthesizing module 'SRLC32E' [H:/Xilinx/Vivado/2021.1/scripts/rt/data/unisim_comp.v:101111]
INFO: [Synth 8-6155] done synthesizing module 'SRLC32E' (4#1) [H:/Xilinx/Vivado/2021.1/scripts/rt/data/unisim_comp.v:101111]
INFO: [Synth 8-6155] done synthesizing module 'axi_data_fifo_v2_1_23_ndeep_srl' (5#1) [h:/Vivado/camerasignaltest/camerasignaltest.gen/sources_1/bd/design_1/ipshared/94ec/hdl/axi_data_fifo_v2_1_vl_rfs.v:1135]
INFO: [Synth 8-6155] done synthesizing module 'axi_data_fifo_v2_1_23_axic_srl_fifo' (6#1) [h:/Vivado/camerasignaltest/camerasignaltest.gen/sources_1/bd/design_1/ipshared/94ec/hdl/axi_data_fifo_v2_1_vl_rfs.v:698]
INFO: [Synth 8-6157] synthesizing module 'generic_baseblocks_v2_1_0_mux_enc' [h:/Vivado/camerasignaltest/camerasignaltest.gen/sources_1/bd/design_1/ipshared/b752/hdl/generic_baseblocks_v2_1_vl_rfs.v:2452]
INFO: [Synth 8-6155] done synthesizing module 'generic_baseblocks_v2_1_0_mux_enc' (7#1) [h:/Vivado/camerasignaltest/camerasignaltest.gen/sources_1/bd/design_1/ipshared/b752/hdl/generic_baseblocks_v2_1_vl_rfs.v:2452]
INFO: [Synth 8-6155] done synthesizing module 'axi_crossbar_v2_1_25_si_transactor' (8#1) [h:/Vivado/camerasignaltest/camerasignaltest.gen/sources_1/bd/design_1/ipshared/3917/hdl/axi_crossbar_v2_1_vl_rfs.v:3800]
INFO: [Synth 8-6157] synthesizing module 'axi_crossbar_v2_1_25_si_transactor__parameterized0' [h:/Vivado/camerasignaltest/camerasignaltest.gen/sources_1/bd/design_1/ipshared/3917/hdl/axi_crossbar_v2_1_vl_rfs.v:3800]
INFO: [Synth 8-6157] synthesizing module 'generic_baseblocks_v2_1_0_mux_enc__parameterized0' [h:/Vivado/camerasignaltest/camerasignaltest.gen/sources_1/bd/design_1/ipshared/b752/hdl/generic_baseblocks_v2_1_vl_rfs.v:2452]
INFO: [Synth 8-6155] done synthesizing module 'generic_baseblocks_v2_1_0_mux_enc__parameterized0' (8#1) [h:/Vivado/camerasignaltest/camerasignaltest.gen/sources_1/bd/design_1/ipshared/b752/hdl/generic_baseblocks_v2_1_vl_rfs.v:2452]
INFO: [Synth 8-6155] done synthesizing module 'axi_crossbar_v2_1_25_si_transactor__parameterized0' (8#1) [h:/Vivado/camerasignaltest/camerasignaltest.gen/sources_1/bd/design_1/ipshared/3917/hdl/axi_crossbar_v2_1_vl_rfs.v:3800]
INFO: [Synth 8-6157] synthesizing module 'axi_crossbar_v2_1_25_splitter' [h:/Vivado/camerasignaltest/camerasignaltest.gen/sources_1/bd/design_1/ipshared/3917/hdl/axi_crossbar_v2_1_vl_rfs.v:4461]
INFO: [Synth 8-6155] done synthesizing module 'axi_crossbar_v2_1_25_splitter' (9#1) [h:/Vivado/camerasignaltest/camerasignaltest.gen/sources_1/bd/design_1/ipshared/3917/hdl/axi_crossbar_v2_1_vl_rfs.v:4461]
INFO: [Synth 8-6157] synthesizing module 'axi_crossbar_v2_1_25_wdata_router' [h:/Vivado/camerasignaltest/camerasignaltest.gen/sources_1/bd/design_1/ipshared/3917/hdl/axi_crossbar_v2_1_vl_rfs.v:4736]
INFO: [Synth 8-6157] synthesizing module 'axi_data_fifo_v2_1_23_axic_reg_srl_fifo' [h:/Vivado/camerasignaltest/camerasignaltest.gen/sources_1/bd/design_1/ipshared/94ec/hdl/axi_data_fifo_v2_1_vl_rfs.v:889]
INFO: [Synth 8-6157] synthesizing module 'axi_data_fifo_v2_1_23_ndeep_srl__parameterized0' [h:/Vivado/camerasignaltest/camerasignaltest.gen/sources_1/bd/design_1/ipshared/94ec/hdl/axi_data_fifo_v2_1_vl_rfs.v:1135]
INFO: [Synth 8-6155] done synthesizing module 'axi_data_fifo_v2_1_23_ndeep_srl__parameterized0' (9#1) [h:/Vivado/camerasignaltest/camerasignaltest.gen/sources_1/bd/design_1/ipshared/94ec/hdl/axi_data_fifo_v2_1_vl_rfs.v:1135]
INFO: [Synth 8-155] case statement is not full and has no default [h:/Vivado/camerasignaltest/camerasignaltest.gen/sources_1/bd/design_1/ipshared/94ec/hdl/axi_data_fifo_v2_1_vl_rfs.v:986]
INFO: [Synth 8-6155] done synthesizing module 'axi_data_fifo_v2_1_23_axic_reg_srl_fifo' (10#1) [h:/Vivado/camerasignaltest/camerasignaltest.gen/sources_1/bd/design_1/ipshared/94ec/hdl/axi_data_fifo_v2_1_vl_rfs.v:889]
INFO: [Synth 8-6155] done synthesizing module 'axi_crossbar_v2_1_25_wdata_router' (11#1) [h:/Vivado/camerasignaltest/camerasignaltest.gen/sources_1/bd/design_1/ipshared/3917/hdl/axi_crossbar_v2_1_vl_rfs.v:4736]
INFO: [Synth 8-6157] synthesizing module 'axi_crossbar_v2_1_25_si_transactor__parameterized1' [h:/Vivado/camerasignaltest/camerasignaltest.gen/sources_1/bd/design_1/ipshared/3917/hdl/axi_crossbar_v2_1_vl_rfs.v:3800]
INFO: [Synth 8-6157] synthesizing module 'axi_data_fifo_v2_1_23_axic_srl_fifo__parameterized0' [h:/Vivado/camerasignaltest/camerasignaltest.gen/sources_1/bd/design_1/ipshared/94ec/hdl/axi_data_fifo_v2_1_vl_rfs.v:698]
INFO: [Synth 8-6157] synthesizing module 'axi_data_fifo_v2_1_23_ndeep_srl__parameterized1' [h:/Vivado/camerasignaltest/camerasignaltest.gen/sources_1/bd/design_1/ipshared/94ec/hdl/axi_data_fifo_v2_1_vl_rfs.v:1135]
INFO: [Synth 8-6155] done synthesizing module 'axi_data_fifo_v2_1_23_ndeep_srl__parameterized1' (11#1) [h:/Vivado/camerasignaltest/camerasignaltest.gen/sources_1/bd/design_1/ipshared/94ec/hdl/axi_data_fifo_v2_1_vl_rfs.v:1135]
INFO: [Synth 8-6155] done synthesizing module 'axi_data_fifo_v2_1_23_axic_srl_fifo__parameterized0' (11#1) [h:/Vivado/camerasignaltest/camerasignaltest.gen/sources_1/bd/design_1/ipshared/94ec/hdl/axi_data_fifo_v2_1_vl_rfs.v:698]
INFO: [Synth 8-6155] done synthesizing module 'axi_crossbar_v2_1_25_si_transactor__parameterized1' (11#1) [h:/Vivado/camerasignaltest/camerasignaltest.gen/sources_1/bd/design_1/ipshared/3917/hdl/axi_crossbar_v2_1_vl_rfs.v:3800]
INFO: [Synth 8-6157] synthesizing module 'axi_crossbar_v2_1_25_wdata_router__parameterized0' [h:/Vivado/camerasignaltest/camerasignaltest.gen/sources_1/bd/design_1/ipshared/3917/hdl/axi_crossbar_v2_1_vl_rfs.v:4736]
INFO: [Synth 8-6157] synthesizing module 'axi_data_fifo_v2_1_23_axic_reg_srl_fifo__parameterized0' [h:/Vivado/camerasignaltest/camerasignaltest.gen/sources_1/bd/design_1/ipshared/94ec/hdl/axi_data_fifo_v2_1_vl_rfs.v:889]
INFO: [Synth 8-155] case statement is not full and has no default [h:/Vivado/camerasignaltest/camerasignaltest.gen/sources_1/bd/design_1/ipshared/94ec/hdl/axi_data_fifo_v2_1_vl_rfs.v:986]
INFO: [Synth 8-6155] done synthesizing module 'axi_data_fifo_v2_1_23_axic_reg_srl_fifo__parameterized0' (11#1) [h:/Vivado/camerasignaltest/camerasignaltest.gen/sources_1/bd/design_1/ipshared/94ec/hdl/axi_data_fifo_v2_1_vl_rfs.v:889]
INFO: [Synth 8-6155] done synthesizing module 'axi_crossbar_v2_1_25_wdata_router__parameterized0' (11#1) [h:/Vivado/camerasignaltest/camerasignaltest.gen/sources_1/bd/design_1/ipshared/3917/hdl/axi_crossbar_v2_1_vl_rfs.v:4736]
INFO: [Synth 8-6157] synthesizing module 'axi_crossbar_v2_1_25_si_transactor__parameterized2' [h:/Vivado/camerasignaltest/camerasignaltest.gen/sources_1/bd/design_1/ipshared/3917/hdl/axi_crossbar_v2_1_vl_rfs.v:3800]
INFO: [Synth 8-6155] done synthesizing module 'axi_crossbar_v2_1_25_si_transactor__parameterized2' (11#1) [h:/Vivado/camerasignaltest/camerasignaltest.gen/sources_1/bd/design_1/ipshared/3917/hdl/axi_crossbar_v2_1_vl_rfs.v:3800]
INFO: [Synth 8-6157] synthesizing module 'axi_crossbar_v2_1_25_si_transactor__parameterized3' [h:/Vivado/camerasignaltest/camerasignaltest.gen/sources_1/bd/design_1/ipshared/3917/hdl/axi_crossbar_v2_1_vl_rfs.v:3800]
INFO: [Synth 8-6155] done synthesizing module 'axi_crossbar_v2_1_25_si_transactor__parameterized3' (11#1) [h:/Vivado/camerasignaltest/camerasignaltest.gen/sources_1/bd/design_1/ipshared/3917/hdl/axi_crossbar_v2_1_vl_rfs.v:3800]
INFO: [Synth 8-6157] synthesizing module 'axi_crossbar_v2_1_25_addr_decoder__parameterized0' [h:/Vivado/camerasignaltest/camerasignaltest.gen/sources_1/bd/design_1/ipshared/3917/hdl/axi_crossbar_v2_1_vl_rfs.v:794]
INFO: [Synth 8-6155] done synthesizing module 'axi_crossbar_v2_1_25_addr_decoder__parameterized0' (11#1) [h:/Vivado/camerasignaltest/camerasignaltest.gen/sources_1/bd/design_1/ipshared/3917/hdl/axi_crossbar_v2_1_vl_rfs.v:794]
INFO: [Synth 8-6157] synthesizing module 'axi_crossbar_v2_1_25_addr_decoder__parameterized1' [h:/Vivado/camerasignaltest/camerasignaltest.gen/sources_1/bd/design_1/ipshared/3917/hdl/axi_crossbar_v2_1_vl_rfs.v:794]
INFO: [Synth 8-6155] done synthesizing module 'axi_crossbar_v2_1_25_addr_decoder__parameterized1' (11#1) [h:/Vivado/camerasignaltest/camerasignaltest.gen/sources_1/bd/design_1/ipshared/3917/hdl/axi_crossbar_v2_1_vl_rfs.v:794]
INFO: [Synth 8-6157] synthesizing module 'axi_data_fifo_v2_1_23_axic_srl_fifo__parameterized1' [h:/Vivado/camerasignaltest/camerasignaltest.gen/sources_1/bd/design_1/ipshared/94ec/hdl/axi_data_fifo_v2_1_vl_rfs.v:698]
INFO: [Synth 8-6155] done synthesizing module 'axi_data_fifo_v2_1_23_axic_srl_fifo__parameterized1' (11#1) [h:/Vivado/camerasignaltest/camerasignaltest.gen/sources_1/bd/design_1/ipshared/94ec/hdl/axi_data_fifo_v2_1_vl_rfs.v:698]
INFO: [Synth 8-6157] synthesizing module 'axi_crossbar_v2_1_25_wdata_mux' [h:/Vivado/camerasignaltest/camerasignaltest.gen/sources_1/bd/design_1/ipshared/3917/hdl/axi_crossbar_v2_1_vl_rfs.v:4561]
INFO: [Synth 8-6157] synthesizing module 'axi_data_fifo_v2_1_23_axic_reg_srl_fifo__parameterized1' [h:/Vivado/camerasignaltest/camerasignaltest.gen/sources_1/bd/design_1/ipshared/94ec/hdl/axi_data_fifo_v2_1_vl_rfs.v:889]
INFO: [Synth 8-155] case statement is not full and has no default [h:/Vivado/camerasignaltest/camerasignaltest.gen/sources_1/bd/design_1/ipshared/94ec/hdl/axi_data_fifo_v2_1_vl_rfs.v:986]
INFO: [Synth 8-6155] done synthesizing module 'axi_data_fifo_v2_1_23_axic_reg_srl_fifo__parameterized1' (11#1) [h:/Vivado/camerasignaltest/camerasignaltest.gen/sources_1/bd/design_1/ipshared/94ec/hdl/axi_data_fifo_v2_1_vl_rfs.v:889]
INFO: [Synth 8-6157] synthesizing module 'generic_baseblocks_v2_1_0_mux_enc__parameterized1' [h:/Vivado/camerasignaltest/camerasignaltest.gen/sources_1/bd/design_1/ipshared/b752/hdl/generic_baseblocks_v2_1_vl_rfs.v:2452]
INFO: [Synth 8-6155] done synthesizing module 'generic_baseblocks_v2_1_0_mux_enc__parameterized1' (11#1) [h:/Vivado/camerasignaltest/camerasignaltest.gen/sources_1/bd/design_1/ipshared/b752/hdl/generic_baseblocks_v2_1_vl_rfs.v:2452]
INFO: [Synth 8-6155] done synthesizing module 'axi_crossbar_v2_1_25_wdata_mux' (12#1) [h:/Vivado/camerasignaltest/camerasignaltest.gen/sources_1/bd/design_1/ipshared/3917/hdl/axi_crossbar_v2_1_vl_rfs.v:4561]
INFO: [Synth 8-6157] synthesizing module 'axi_register_slice_v2_1_24_axi_register_slice' [h:/Vivado/camerasignaltest/camerasignaltest.gen/sources_1/bd/design_1/ipshared/8f68/hdl/axi_register_slice_v2_1_vl_rfs.v:3726]
INFO: [Synth 8-6157] synthesizing module 'axi_infrastructure_v1_1_0_axi2vector' [h:/Vivado/camerasignaltest/camerasignaltest.gen/sources_1/bd/design_1/ipshared/ec67/hdl/axi_infrastructure_v1_1_vl_rfs.v:60]
INFO: [Synth 8-6155] done synthesizing module 'axi_infrastructure_v1_1_0_axi2vector' (13#1) [h:/Vivado/camerasignaltest/camerasignaltest.gen/sources_1/bd/design_1/ipshared/ec67/hdl/axi_infrastructure_v1_1_vl_rfs.v:60]
INFO: [Synth 8-6157] synthesizing module 'axi_infrastructure_v1_1_0_vector2axi' [h:/Vivado/camerasignaltest/camerasignaltest.gen/sources_1/bd/design_1/ipshared/ec67/hdl/axi_infrastructure_v1_1_vl_rfs.v:474]
INFO: [Synth 8-6155] done synthesizing module 'axi_infrastructure_v1_1_0_vector2axi' (14#1) [h:/Vivado/camerasignaltest/camerasignaltest.gen/sources_1/bd/design_1/ipshared/ec67/hdl/axi_infrastructure_v1_1_vl_rfs.v:474]
INFO: [Synth 8-6157] synthesizing module 'axi_register_slice_v2_1_24_axic_register_slice' [h:/Vivado/camerasignaltest/camerasignaltest.gen/sources_1/bd/design_1/ipshared/8f68/hdl/axi_register_slice_v2_1_vl_rfs.v:1498]
INFO: [Synth 8-6155] done synthesizing module 'axi_register_slice_v2_1_24_axic_register_slice' (15#1) [h:/Vivado/camerasignaltest/camerasignaltest.gen/sources_1/bd/design_1/ipshared/8f68/hdl/axi_register_slice_v2_1_vl_rfs.v:1498]
INFO: [Synth 8-6157] synthesizing module 'axi_register_slice_v2_1_24_axic_register_slice__parameterized0' [h:/Vivado/camerasignaltest/camerasignaltest.gen/sources_1/bd/design_1/ipshared/8f68/hdl/axi_register_slice_v2_1_vl_rfs.v:1498]
INFO: [Synth 8-6155] done synthesizing module 'axi_register_slice_v2_1_24_axic_register_slice__parameterized0' (15#1) [h:/Vivado/camerasignaltest/camerasignaltest.gen/sources_1/bd/design_1/ipshared/8f68/hdl/axi_register_slice_v2_1_vl_rfs.v:1498]
INFO: [Synth 8-6157] synthesizing module 'axi_register_slice_v2_1_24_axic_register_slice__parameterized1' [h:/Vivado/camerasignaltest/camerasignaltest.gen/sources_1/bd/design_1/ipshared/8f68/hdl/axi_register_slice_v2_1_vl_rfs.v:1498]
INFO: [Synth 8-6155] done synthesizing module 'axi_register_slice_v2_1_24_axic_register_slice__parameterized1' (15#1) [h:/Vivado/camerasignaltest/camerasignaltest.gen/sources_1/bd/design_1/ipshared/8f68/hdl/axi_register_slice_v2_1_vl_rfs.v:1498]
INFO: [Synth 8-6157] synthesizing module 'axi_register_slice_v2_1_24_axic_register_slice__parameterized2' [h:/Vivado/camerasignaltest/camerasignaltest.gen/sources_1/bd/design_1/ipshared/8f68/hdl/axi_register_slice_v2_1_vl_rfs.v:1498]
INFO: [Synth 8-6155] done synthesizing module 'axi_register_slice_v2_1_24_axic_register_slice__parameterized2' (15#1) [h:/Vivado/camerasignaltest/camerasignaltest.gen/sources_1/bd/design_1/ipshared/8f68/hdl/axi_register_slice_v2_1_vl_rfs.v:1498]
INFO: [Synth 8-6155] done synthesizing module 'axi_register_slice_v2_1_24_axi_register_slice' (16#1) [h:/Vivado/camerasignaltest/camerasignaltest.gen/sources_1/bd/design_1/ipshared/8f68/hdl/axi_register_slice_v2_1_vl_rfs.v:3726]
WARNING: [Synth 8-7071] port 'aclk2x' of module 'axi_register_slice_v2_1_24_axi_register_slice' is unconnected for instance 'reg_slice_mi' [h:/Vivado/camerasignaltest/camerasignaltest.gen/sources_1/bd/design_1/ipshared/3917/hdl/axi_crossbar_v2_1_vl_rfs.v:3122]
WARNING: [Synth 8-7023] instance 'reg_slice_mi' of module 'axi_register_slice_v2_1_24_axi_register_slice' has 93 connections declared, but only 92 given [h:/Vivado/camerasignaltest/camerasignaltest.gen/sources_1/bd/design_1/ipshared/3917/hdl/axi_crossbar_v2_1_vl_rfs.v:3122]
INFO: [Synth 8-6157] synthesizing module 'axi_crossbar_v2_1_25_addr_decoder__parameterized2' [h:/Vivado/camerasignaltest/camerasignaltest.gen/sources_1/bd/design_1/ipshared/3917/hdl/axi_crossbar_v2_1_vl_rfs.v:794]
INFO: [Synth 8-6155] done synthesizing module 'axi_crossbar_v2_1_25_addr_decoder__parameterized2' (16#1) [h:/Vivado/camerasignaltest/camerasignaltest.gen/sources_1/bd/design_1/ipshared/3917/hdl/axi_crossbar_v2_1_vl_rfs.v:794]
INFO: [Synth 8-6157] synthesizing module 'axi_data_fifo_v2_1_23_axic_srl_fifo__parameterized2' [h:/Vivado/camerasignaltest/camerasignaltest.gen/sources_1/bd/design_1/ipshared/94ec/hdl/axi_data_fifo_v2_1_vl_rfs.v:698]
INFO: [Synth 8-6155] done synthesizing module 'axi_data_fifo_v2_1_23_axic_srl_fifo__parameterized2' (16#1) [h:/Vivado/camerasignaltest/camerasignaltest.gen/sources_1/bd/design_1/ipshared/94ec/hdl/axi_data_fifo_v2_1_vl_rfs.v:698]
INFO: [Synth 8-6157] synthesizing module 'axi_crossbar_v2_1_25_wdata_mux__parameterized0' [h:/Vivado/camerasignaltest/camerasignaltest.gen/sources_1/bd/design_1/ipshared/3917/hdl/axi_crossbar_v2_1_vl_rfs.v:4561]
INFO: [Synth 8-6157] synthesizing module 'axi_data_fifo_v2_1_23_axic_reg_srl_fifo__parameterized2' [h:/Vivado/camerasignaltest/camerasignaltest.gen/sources_1/bd/design_1/ipshared/94ec/hdl/axi_data_fifo_v2_1_vl_rfs.v:889]
INFO: [Synth 8-155] case statement is not full and has no default [h:/Vivado/camerasignaltest/camerasignaltest.gen/sources_1/bd/design_1/ipshared/94ec/hdl/axi_data_fifo_v2_1_vl_rfs.v:986]
INFO: [Synth 8-6155] done synthesizing module 'axi_data_fifo_v2_1_23_axic_reg_srl_fifo__parameterized2' (16#1) [h:/Vivado/camerasignaltest/camerasignaltest.gen/sources_1/bd/design_1/ipshared/94ec/hdl/axi_data_fifo_v2_1_vl_rfs.v:889]
INFO: [Synth 8-6155] done synthesizing module 'axi_crossbar_v2_1_25_wdata_mux__parameterized0' (16#1) [h:/Vivado/camerasignaltest/camerasignaltest.gen/sources_1/bd/design_1/ipshared/3917/hdl/axi_crossbar_v2_1_vl_rfs.v:4561]
WARNING: [Synth 8-7071] port 'aclk2x' of module 'axi_register_slice_v2_1_24_axi_register_slice' is unconnected for instance 'reg_slice_mi' [h:/Vivado/camerasignaltest/camerasignaltest.gen/sources_1/bd/design_1/ipshared/3917/hdl/axi_crossbar_v2_1_vl_rfs.v:3122]
WARNING: [Synth 8-7023] instance 'reg_slice_mi' of module 'axi_register_slice_v2_1_24_axi_register_slice' has 93 connections declared, but only 92 given [h:/Vivado/camerasignaltest/camerasignaltest.gen/sources_1/bd/design_1/ipshared/3917/hdl/axi_crossbar_v2_1_vl_rfs.v:3122]
INFO: [Synth 8-6157] synthesizing module 'axi_crossbar_v2_1_25_decerr_slave' [h:/Vivado/camerasignaltest/camerasignaltest.gen/sources_1/bd/design_1/ipshared/3917/hdl/axi_crossbar_v2_1_vl_rfs.v:3501]
INFO: [Synth 8-155] case statement is not full and has no default [h:/Vivado/camerasignaltest/camerasignaltest.gen/sources_1/bd/design_1/ipshared/3917/hdl/axi_crossbar_v2_1_vl_rfs.v:3633]
INFO: [Synth 8-6155] done synthesizing module 'axi_crossbar_v2_1_25_decerr_slave' (17#1) [h:/Vivado/camerasignaltest/camerasignaltest.gen/sources_1/bd/design_1/ipshared/3917/hdl/axi_crossbar_v2_1_vl_rfs.v:3501]
INFO: [Synth 8-6157] synthesizing module 'axi_crossbar_v2_1_25_addr_arbiter' [h:/Vivado/camerasignaltest/camerasignaltest.gen/sources_1/bd/design_1/ipshared/3917/hdl/axi_crossbar_v2_1_vl_rfs.v:423]
INFO: [Synth 8-6157] synthesizing module 'generic_baseblocks_v2_1_0_mux_enc__parameterized2' [h:/Vivado/camerasignaltest/camerasignaltest.gen/sources_1/bd/design_1/ipshared/b752/hdl/generic_baseblocks_v2_1_vl_rfs.v:2452]
INFO: [Synth 8-6155] done synthesizing module 'generic_baseblocks_v2_1_0_mux_enc__parameterized2' (17#1) [h:/Vivado/camerasignaltest/camerasignaltest.gen/sources_1/bd/design_1/ipshared/b752/hdl/generic_baseblocks_v2_1_vl_rfs.v:2452]
INFO: [Synth 8-6157] synthesizing module 'generic_baseblocks_v2_1_0_mux_enc__parameterized3' [h:/Vivado/camerasignaltest/camerasignaltest.gen/sources_1/bd/design_1/ipshared/b752/hdl/generic_baseblocks_v2_1_vl_rfs.v:2452]
INFO: [Synth 8-6155] done synthesizing module 'generic_baseblocks_v2_1_0_mux_enc__parameterized3' (17#1) [h:/Vivado/camerasignaltest/camerasignaltest.gen/sources_1/bd/design_1/ipshared/b752/hdl/generic_baseblocks_v2_1_vl_rfs.v:2452]
INFO: [Synth 8-6155] done synthesizing module 'axi_crossbar_v2_1_25_addr_arbiter' (18#1) [h:/Vivado/camerasignaltest/camerasignaltest.gen/sources_1/bd/design_1/ipshared/3917/hdl/axi_crossbar_v2_1_vl_rfs.v:423]
INFO: [Synth 8-6155] done synthesizing module 'axi_crossbar_v2_1_25_crossbar' (19#1) [h:/Vivado/camerasignaltest/camerasignaltest.gen/sources_1/bd/design_1/ipshared/3917/hdl/axi_crossbar_v2_1_vl_rfs.v:2239]
INFO: [Synth 8-6155] done synthesizing module 'axi_crossbar_v2_1_25_axi_crossbar' (20#1) [h:/Vivado/camerasignaltest/camerasignaltest.gen/sources_1/bd/design_1/ipshared/3917/hdl/axi_crossbar_v2_1_vl_rfs.v:4884]
INFO: [Synth 8-6155] done synthesizing module 'design_1_xbar_3' (21#1) [h:/Vivado/camerasignaltest/camerasignaltest.gen/sources_1/bd/design_1/ip/design_1_xbar_3/synth/design_1_xbar_3.v:59]
---------------------------------------------------------------------------------
Finished RTL Elaboration : Time (s): cpu = 00:00:11 ; elapsed = 00:00:13 . Memory (MB): peak = 1446.078 ; gain = 130.934
---------------------------------------------------------------------------------
---------------------------------------------------------------------------------
Start Handling Custom Attributes
---------------------------------------------------------------------------------
---------------------------------------------------------------------------------
Finished Handling Custom Attributes : Time (s): cpu = 00:00:11 ; elapsed = 00:00:14 . Memory (MB): peak = 1446.078 ; gain = 130.934
---------------------------------------------------------------------------------
---------------------------------------------------------------------------------
Finished RTL Optimization Phase 1 : Time (s): cpu = 00:00:11 ; elapsed = 00:00:14 . Memory (MB): peak = 1446.078 ; gain = 130.934
---------------------------------------------------------------------------------
Netlist sorting complete. Time (s): cpu = 00:00:00 ; elapsed = 00:00:00.145 . Memory (MB): peak = 1446.078 ; gain = 0.000
INFO: [Project 1-570] Preparing netlist for logic optimization

Processing XDC Constraints
Initializing timing engine
Parsing XDC File [h:/Vivado/camerasignaltest/camerasignaltest.gen/sources_1/bd/design_1/ip/design_1_xbar_3/design_1_xbar_3_ooc.xdc] for cell 'inst'
Finished Parsing XDC File [h:/Vivado/camerasignaltest/camerasignaltest.gen/sources_1/bd/design_1/ip/design_1_xbar_3/design_1_xbar_3_ooc.xdc] for cell 'inst'
Parsing XDC File [H:/Vivado/camerasignaltest/camerasignaltest.runs/design_1_xbar_3_synth_1/dont_touch.xdc]
Finished Parsing XDC File [H:/Vivado/camerasignaltest/camerasignaltest.runs/design_1_xbar_3_synth_1/dont_touch.xdc]
Completed Processing XDC Constraints

Netlist sorting complete. Time (s): cpu = 00:00:00 ; elapsed = 00:00:00.021 . Memory (MB): peak = 1471.727 ; gain = 0.000
INFO: [Project 1-111] Unisim Transformation Summary:
No Unisim elements were transformed.

Constraint Validation Runtime : Time (s): cpu = 00:00:00 ; elapsed = 00:00:00.109 . Memory (MB): peak = 1482.820 ; gain = 11.094
---------------------------------------------------------------------------------
Finished Constraint Validation : Time (s): cpu = 00:00:19 ; elapsed = 00:00:23 . Memory (MB): peak = 1482.820 ; gain = 167.676
---------------------------------------------------------------------------------
---------------------------------------------------------------------------------
Start Loading Part and Timing Information
---------------------------------------------------------------------------------
Loading part: xc7z035ffg676-2
---------------------------------------------------------------------------------
Finished Loading Part and Timing Information : Time (s): cpu = 00:00:19 ; elapsed = 00:00:23 . Memory (MB): peak = 1482.820 ; gain = 167.676
---------------------------------------------------------------------------------
---------------------------------------------------------------------------------
Start Applying 'set_property' XDC Constraints
---------------------------------------------------------------------------------
Applied set_property KEEP_HIERARCHY = SOFT for inst. (constraint file  H:/Vivado/camerasignaltest/camerasignaltest.runs/design_1_xbar_3_synth_1/dont_touch.xdc, line 9).
---------------------------------------------------------------------------------
Finished applying 'set_property' XDC Constraints : Time (s): cpu = 00:00:19 ; elapsed = 00:00:23 . Memory (MB): peak = 1482.820 ; gain = 167.676
---------------------------------------------------------------------------------
INFO: [Synth 8-802] inferred FSM for state register 'state_reg' in module 'axi_data_fifo_v2_1_23_axic_reg_srl_fifo'
INFO: [Synth 8-802] inferred FSM for state register 'state_reg' in module 'axi_data_fifo_v2_1_23_axic_reg_srl_fifo__parameterized0'
INFO: [Synth 8-802] inferred FSM for state register 'state_reg' in module 'axi_data_fifo_v2_1_23_axic_reg_srl_fifo__parameterized1'
INFO: [Synth 8-802] inferred FSM for state register 'state_reg' in module 'axi_data_fifo_v2_1_23_axic_reg_srl_fifo__parameterized2'
INFO: [Synth 8-802] inferred FSM for state register 'gen_axi.write_cs_reg' in module 'axi_crossbar_v2_1_25_decerr_slave'
---------------------------------------------------------------------------------------------------
                   State |                     New Encoding |                Previous Encoding 
---------------------------------------------------------------------------------------------------
                    ZERO |                             1000 |                               10
                     ONE |                             0010 |                               11
                     TWO |                             0001 |                               01
                  iSTATE |                             0100 |                               00
---------------------------------------------------------------------------------------------------
INFO: [Synth 8-3354] encoded FSM with state register 'state_reg' using encoding 'one-hot' in module 'axi_data_fifo_v2_1_23_axic_reg_srl_fifo'
---------------------------------------------------------------------------------------------------
                   State |                     New Encoding |                Previous Encoding 
---------------------------------------------------------------------------------------------------
                    ZERO |                             1000 |                               10
                     ONE |                             0010 |                               11
                     TWO |                             0001 |                               01
                  iSTATE |                             0100 |                               00
---------------------------------------------------------------------------------------------------
INFO: [Synth 8-3354] encoded FSM with state register 'state_reg' using encoding 'one-hot' in module 'axi_data_fifo_v2_1_23_axic_reg_srl_fifo__parameterized0'
---------------------------------------------------------------------------------------------------
                   State |                     New Encoding |                Previous Encoding 
---------------------------------------------------------------------------------------------------
                    ZERO |                             1000 |                               10
                     ONE |                             0010 |                               11
                     TWO |                             0001 |                               01
                  iSTATE |                             0100 |                               00
---------------------------------------------------------------------------------------------------
INFO: [Synth 8-3354] encoded FSM with state register 'state_reg' using encoding 'one-hot' in module 'axi_data_fifo_v2_1_23_axic_reg_srl_fifo__parameterized1'
---------------------------------------------------------------------------------------------------
                   State |                     New Encoding |                Previous Encoding 
---------------------------------------------------------------------------------------------------
                    ZERO |                             1000 |                               10
                     ONE |                             0010 |                               11
                     TWO |                             0001 |                               01
                  iSTATE |                             0100 |                               00
---------------------------------------------------------------------------------------------------
INFO: [Synth 8-3354] encoded FSM with state register 'state_reg' using encoding 'one-hot' in module 'axi_data_fifo_v2_1_23_axic_reg_srl_fifo__parameterized2'
---------------------------------------------------------------------------------------------------
                   State |                     New Encoding |                Previous Encoding 
---------------------------------------------------------------------------------------------------
            P_WRITE_IDLE |                              001 |                               00
            P_WRITE_DATA |                              010 |                               01
            P_WRITE_RESP |                              100 |                               10
---------------------------------------------------------------------------------------------------
INFO: [Synth 8-3354] encoded FSM with state register 'gen_axi.write_cs_reg' using encoding 'one-hot' in module 'axi_crossbar_v2_1_25_decerr_slave'
---------------------------------------------------------------------------------
Finished RTL Optimization Phase 2 : Time (s): cpu = 00:00:20 ; elapsed = 00:00:25 . Memory (MB): peak = 1482.820 ; gain = 167.676
---------------------------------------------------------------------------------
---------------------------------------------------------------------------------
Start RTL Component Statistics 
---------------------------------------------------------------------------------
Detailed RTL Component Info : 
+---Adders : 
	   2 Input    8 Bit       Adders := 3     
	   2 Input    4 Bit       Adders := 6     
	   2 Input    3 Bit       Adders := 5     
	   2 Input    2 Bit       Adders := 13    
	   2 Input    1 Bit       Adders := 4     
+---XORs : 
	   2 Input      1 Bit         XORs := 12    
+---Registers : 
	               70 Bit    Registers := 4     
	               66 Bit    Registers := 2     
	                8 Bit    Registers := 3     
	                5 Bit    Registers := 10    
	                4 Bit    Registers := 9     
	                3 Bit    Registers := 9     
	                2 Bit    Registers := 25    
	                1 Bit    Registers := 47    
+---Muxes : 
	   2 Input   70 Bit        Muxes := 4     
	   2 Input   16 Bit        Muxes := 4     
	   2 Input    8 Bit        Muxes := 1     
	   2 Input    5 Bit        Muxes := 4     
	   3 Input    4 Bit        Muxes := 5     
	   2 Input    4 Bit        Muxes := 17    
	   2 Input    3 Bit        Muxes := 4     
	   2 Input    2 Bit        Muxes := 22    
	   2 Input    1 Bit        Muxes := 119   
	   4 Input    1 Bit        Muxes := 15    
	   3 Input    1 Bit        Muxes := 9     
---------------------------------------------------------------------------------
Finished RTL Component Statistics 
---------------------------------------------------------------------------------
---------------------------------------------------------------------------------
Start Part Resource Summary
---------------------------------------------------------------------------------
Part Resources:
DSPs: 900 (col length:140)
BRAMs: 1000 (col length: RAMB18 140 RAMB36 70)
---------------------------------------------------------------------------------
Finished Part Resource Summary
---------------------------------------------------------------------------------
---------------------------------------------------------------------------------
Start Cross Boundary and Area Optimization
---------------------------------------------------------------------------------
---------------------------------------------------------------------------------
Finished Cross Boundary and Area Optimization : Time (s): cpu = 00:00:23 ; elapsed = 00:00:28 . Memory (MB): peak = 1482.820 ; gain = 167.676
---------------------------------------------------------------------------------
---------------------------------------------------------------------------------
Start Applying XDC Timing Constraints
---------------------------------------------------------------------------------
---------------------------------------------------------------------------------
Finished Applying XDC Timing Constraints : Time (s): cpu = 00:00:29 ; elapsed = 00:00:34 . Memory (MB): peak = 1482.820 ; gain = 167.676
---------------------------------------------------------------------------------
---------------------------------------------------------------------------------
Start Timing Optimization
---------------------------------------------------------------------------------
---------------------------------------------------------------------------------
Finished Timing Optimization : Time (s): cpu = 00:00:30 ; elapsed = 00:00:36 . Memory (MB): peak = 1482.820 ; gain = 167.676
---------------------------------------------------------------------------------
---------------------------------------------------------------------------------
Start Technology Mapping
---------------------------------------------------------------------------------
---------------------------------------------------------------------------------
Finished Technology Mapping : Time (s): cpu = 00:00:30 ; elapsed = 00:00:37 . Memory (MB): peak = 1482.820 ; gain = 167.676
---------------------------------------------------------------------------------
---------------------------------------------------------------------------------
Start IO Insertion
---------------------------------------------------------------------------------
---------------------------------------------------------------------------------
Start Flattening Before IO Insertion
---------------------------------------------------------------------------------
---------------------------------------------------------------------------------
Finished Flattening Before IO Insertion
---------------------------------------------------------------------------------
---------------------------------------------------------------------------------
Start Final Netlist Cleanup
---------------------------------------------------------------------------------
---------------------------------------------------------------------------------
Finished Final Netlist Cleanup
---------------------------------------------------------------------------------
---------------------------------------------------------------------------------
Finished IO Insertion : Time (s): cpu = 00:00:34 ; elapsed = 00:00:40 . Memory (MB): peak = 1482.820 ; gain = 167.676
---------------------------------------------------------------------------------
---------------------------------------------------------------------------------
Start Renaming Generated Instances
---------------------------------------------------------------------------------
---------------------------------------------------------------------------------
Finished Renaming Generated Instances : Time (s): cpu = 00:00:34 ; elapsed = 00:00:40 . Memory (MB): peak = 1482.820 ; gain = 167.676
---------------------------------------------------------------------------------
---------------------------------------------------------------------------------
Start Rebuilding User Hierarchy
---------------------------------------------------------------------------------
---------------------------------------------------------------------------------
Finished Rebuilding User Hierarchy : Time (s): cpu = 00:00:34 ; elapsed = 00:00:40 . Memory (MB): peak = 1482.820 ; gain = 167.676
---------------------------------------------------------------------------------
---------------------------------------------------------------------------------
Start Renaming Generated Ports
---------------------------------------------------------------------------------
---------------------------------------------------------------------------------
Finished Renaming Generated Ports : Time (s): cpu = 00:00:34 ; elapsed = 00:00:40 . Memory (MB): peak = 1482.820 ; gain = 167.676
---------------------------------------------------------------------------------
---------------------------------------------------------------------------------
Start Handling Custom Attributes
---------------------------------------------------------------------------------
---------------------------------------------------------------------------------
Finished Handling Custom Attributes : Time (s): cpu = 00:00:34 ; elapsed = 00:00:40 . Memory (MB): peak = 1482.820 ; gain = 167.676
---------------------------------------------------------------------------------
---------------------------------------------------------------------------------
Start Renaming Generated Nets
---------------------------------------------------------------------------------
---------------------------------------------------------------------------------
Finished Renaming Generated Nets : Time (s): cpu = 00:00:34 ; elapsed = 00:00:40 . Memory (MB): peak = 1482.820 ; gain = 167.676
---------------------------------------------------------------------------------
---------------------------------------------------------------------------------
Start Writing Synthesis Report
---------------------------------------------------------------------------------

Report BlackBoxes: 
+-+--------------+----------+
| |BlackBox name |Instances |
+-+--------------+----------+
+-+--------------+----------+

Report Cell Usage: 
+------+--------+------+
|      |Cell    |Count |
+------+--------+------+
|1     |LUT1    |     5|
|2     |LUT2    |    95|
|3     |LUT3    |   248|
|4     |LUT4    |    65|
|5     |LUT5    |    63|
|6     |LUT6    |   254|
|7     |SRLC32E |     9|
|8     |FDRE    |   399|
|9     |FDSE    |    23|
+------+--------+------+
---------------------------------------------------------------------------------
Finished Writing Synthesis Report : Time (s): cpu = 00:00:34 ; elapsed = 00:00:40 . Memory (MB): peak = 1482.820 ; gain = 167.676
---------------------------------------------------------------------------------
Synthesis finished with 0 errors, 0 critical warnings and 0 warnings.
Synthesis Optimization Runtime : Time (s): cpu = 00:00:19 ; elapsed = 00:00:36 . Memory (MB): peak = 1482.820 ; gain = 130.934
Synthesis Optimization Complete : Time (s): cpu = 00:00:34 ; elapsed = 00:00:41 . Memory (MB): peak = 1482.820 ; gain = 167.676
INFO: [Project 1-571] Translating synthesized netlist
Netlist sorting complete. Time (s): cpu = 00:00:00 ; elapsed = 00:00:00.050 . Memory (MB): peak = 1482.820 ; gain = 0.000
INFO: [Project 1-570] Preparing netlist for logic optimization
INFO: [Opt 31-138] Pushed 0 inverter(s) to 0 load pin(s).
Netlist sorting complete. Time (s): cpu = 00:00:00 ; elapsed = 00:00:00 . Memory (MB): peak = 1493.848 ; gain = 0.000
INFO: [Project 1-111] Unisim Transformation Summary:
No Unisim elements were transformed.

Synth Design complete, checksum: aebd63b7
INFO: [Common 17-83] Releasing license: Synthesis
122 Infos, 5 Warnings, 0 Critical Warnings and 0 Errors encountered.
synth_design completed successfully
synth_design: Time (s): cpu = 00:00:39 ; elapsed = 00:00:47 . Memory (MB): peak = 1493.848 ; gain = 178.703
INFO: [Common 17-1381] The checkpoint 'H:/Vivado/camerasignaltest/camerasignaltest.runs/design_1_xbar_3_synth_1/design_1_xbar_3.dcp' has been generated.
INFO: [Coretcl 2-1648] Added synthesis output to IP cache for IP design_1_xbar_3, cache-ID = f7ef8421471b2a3b
INFO: [Coretcl 2-1174] Renamed 41 cell refs.
INFO: [Common 17-1381] The checkpoint 'H:/Vivado/camerasignaltest/camerasignaltest.runs/design_1_xbar_3_synth_1/design_1_xbar_3.dcp' has been generated.
INFO: [runtcl-4] Executing : report_utilization -file design_1_xbar_3_utilization_synth.rpt -pb design_1_xbar_3_utilization_synth.pb
INFO: [Common 17-206] Exiting Vivado at Sat Sep 16 20:06:15 2023...
