Copyright 1986-2021 Xilinx, Inc. All Rights Reserved.
----------------------------------------------------------------------------------------------------------------------------------------------------------------------
| Tool Version     : Vivado v.2021.1 (win64) Build 3247384 Thu Jun 10 19:36:33 MDT 2021
| Date             : Sun Oct  8 21:22:32 2023
| Host             : DESKTOP-0QC1VIS running 64-bit major release  (build 9200)
| Command          : report_power -file design_1_wrapper_power_routed.rpt -pb design_1_wrapper_power_summary_routed.pb -rpx design_1_wrapper_power_routed.rpx
| Design           : design_1_wrapper
| Device           : xc7z035ffg676-2
| Design State     : routed
| Grade            : commercial
| Process          : typical
| Characterization : Production
----------------------------------------------------------------------------------------------------------------------------------------------------------------------

Power Report

Table of Contents
-----------------
1. Summary
1.1 On-Chip Components
1.2 Power Supply Summary
1.3 Confidence Level
2. Settings
2.1 Environment
2.2 Clock Constraints
3. Detailed Reports
3.1 By Hierarchy

1. Summary
----------

+--------------------------+--------------+
| Total On-Chip Power (W)  | 2.705        |
| Design Power Budget (W)  | Unspecified* |
| Power Budget Margin (W)  | NA           |
| Dynamic (W)              | 2.469        |
| Device Static (W)        | 0.236        |
| Effective TJA (C/W)      | 1.9          |
| Max Ambient (C)          | 79.9         |
| Junction Temperature (C) | 30.1         |
| Confidence Level         | Low          |
| Setting File             | ---          |
| Simulation Activity File | ---          |
| Design Nets Matched      | NA           |
+--------------------------+--------------+
* Specify Design Power Budget using, set_operating_conditions -design_power_budget <value in Watts>


1.1 On-Chip Components
----------------------

+--------------------------+-----------+----------+-----------+-----------------+
| On-Chip                  | Power (W) | Used     | Available | Utilization (%) |
+--------------------------+-----------+----------+-----------+-----------------+
| Clocks                   |     0.379 |        8 |       --- |             --- |
| Slice Logic              |     0.054 |   126332 |       --- |             --- |
|   LUT as Logic           |     0.024 |    31197 |    171900 |           18.15 |
|   LUT as Shift Register  |     0.022 |     4892 |     70400 |            6.95 |
|   Register               |     0.006 |    53690 |    343800 |           15.62 |
|   CARRY4                 |     0.002 |     3767 |     54650 |            6.89 |
|   F7/F8 Muxes            |    <0.001 |      989 |    218600 |            0.45 |
|   BUFG                   |    <0.001 |        1 |        32 |            3.13 |
|   LUT as Distributed RAM |    <0.001 |    13120 |     70400 |           18.64 |
|   Others                 |     0.000 |     5511 |       --- |             --- |
| Signals                  |     0.208 |   122017 |       --- |             --- |
| Block RAM                |     0.137 |       81 |       500 |           16.20 |
| MMCM                     |     0.107 |        1 |         8 |           12.50 |
| DSPs                     |     0.028 |      872 |       900 |           96.89 |
| I/O                      |     0.014 |       44 |       250 |           17.60 |
| PS7                      |     1.542 |        1 |       --- |             --- |
| Static Power             |     0.236 |          |           |                 |
| Total                    |     2.705 |          |           |                 |
+--------------------------+-----------+----------+-----------+-----------------+


1.2 Power Supply Summary
------------------------

+-----------+-------------+-----------+-------------+------------+-------------+-------------+------------+
| Source    | Voltage (V) | Total (A) | Dynamic (A) | Static (A) | Powerup (A) | Budget (A)  | Margin (A) |
+-----------+-------------+-----------+-------------+------------+-------------+-------------+------------+
| Vccint    |       1.000 |     0.861 |       0.797 |      0.064 |       NA    | Unspecified | NA         |
| Vccaux    |       1.800 |     0.101 |       0.060 |      0.041 |       NA    | Unspecified | NA         |
| Vcco33    |       3.300 |     0.003 |       0.002 |      0.001 |       NA    | Unspecified | NA         |
| Vcco25    |       2.500 |     0.000 |       0.000 |      0.000 |       NA    | Unspecified | NA         |
| Vcco18    |       1.800 |     0.004 |       0.003 |      0.001 |       NA    | Unspecified | NA         |
| Vcco15    |       1.500 |     0.000 |       0.000 |      0.000 |       NA    | Unspecified | NA         |
| Vcco135   |       1.350 |     0.000 |       0.000 |      0.000 |       NA    | Unspecified | NA         |
| Vcco12    |       1.200 |     0.000 |       0.000 |      0.000 |       NA    | Unspecified | NA         |
| Vccaux_io |       1.800 |     0.000 |       0.000 |      0.000 |       NA    | Unspecified | NA         |
| Vccbram   |       1.000 |     0.016 |       0.011 |      0.005 |       NA    | Unspecified | NA         |
| MGTAVcc   |       1.000 |     0.000 |       0.000 |      0.000 |       NA    | Unspecified | NA         |
| MGTAVtt   |       1.200 |     0.000 |       0.000 |      0.000 |       NA    | Unspecified | NA         |
| MGTVccaux |       1.800 |     0.000 |       0.000 |      0.000 |       NA    | Unspecified | NA         |
| Vccpint   |       1.000 |     0.744 |       0.725 |      0.019 |       NA    | Unspecified | NA         |
| Vccpaux   |       1.800 |     0.062 |       0.052 |      0.010 |       NA    | Unspecified | NA         |
| Vccpll    |       1.800 |     0.017 |       0.014 |      0.003 |       NA    | Unspecified | NA         |
| Vcco_ddr  |       1.500 |     0.459 |       0.457 |      0.002 |       NA    | Unspecified | NA         |
| Vcco_mio0 |       3.300 |     0.004 |       0.003 |      0.001 |       NA    | Unspecified | NA         |
| Vcco_mio1 |       1.800 |     0.003 |       0.002 |      0.001 |       NA    | Unspecified | NA         |
| Vccadc    |       1.800 |     0.020 |       0.000 |      0.020 |       NA    | Unspecified | NA         |
+-----------+-------------+-----------+-------------+------------+-------------+-------------+------------+


1.3 Confidence Level
--------------------

+-----------------------------+------------+--------------------------------------------------------+------------------------------------------------------------------------------------------------------------+
| User Input Data             | Confidence | Details                                                | Action                                                                                                     |
+-----------------------------+------------+--------------------------------------------------------+------------------------------------------------------------------------------------------------------------+
| Design implementation state | High       | Design is routed                                       |                                                                                                            |
| Clock nodes activity        | High       | User specified more than 95% of clocks                 |                                                                                                            |
| I/O nodes activity          | Low        | More than 75% of inputs are missing user specification | Provide missing input activity with simulation results or by editing the "By Resource Type -> I/Os" view   |
| Internal nodes activity     | Medium     | User specified less than 25% of internal nodes         | Provide missing internal nodes activity with simulation results or by editing the "By Resource Type" views |
| Device models               | High       | Device models are Production                           |                                                                                                            |
|                             |            |                                                        |                                                                                                            |
| Overall confidence level    | Low        |                                                        |                                                                                                            |
+-----------------------------+------------+--------------------------------------------------------+------------------------------------------------------------------------------------------------------------+


2. Settings
-----------

2.1 Environment
---------------

+-----------------------+--------------------------+
| Ambient Temp (C)      | 25.0                     |
| ThetaJA (C/W)         | 1.9                      |
| Airflow (LFM)         | 250                      |
| Heat Sink             | medium (Medium Profile)  |
| ThetaSA (C/W)         | 3.4                      |
| Board Selection       | medium (10"x10")         |
| # of Board Layers     | 12to15 (12 to 15 Layers) |
| Board Temperature (C) | 25.0                     |
+-----------------------+--------------------------+


2.2 Clock Constraints
---------------------

+--------------------------------------------------------------------------------------------+----------------------------------------------------------------------+-----------------+
| Clock                                                                                      | Domain                                                               | Constraint (ns) |
+--------------------------------------------------------------------------------------------+----------------------------------------------------------------------+-----------------+
| I                                                                                          | design_1_i/axi_dynclk_0/U0/Inst_mmcme2_drp/I                         |             2.0 |
| clk_fpga_0                                                                                 | design_1_i/processing_system7_0/inst/FCLK_CLK_unbuffered[0]          |             7.0 |
| clk_fpga_1                                                                                 | design_1_i/processing_system7_0/inst/FCLK_CLK_unbuffered[1]          |            10.0 |
| dbg_hub/inst/BSCANID.u_xsdbm_id/SWITCH_N_EXT_BSCAN.bscan_inst/SERIES7_BSCAN.bscan_inst/TCK | dbg_hub/inst/BSCANID.u_xsdbm_id/SWITCH_N_EXT_BSCAN.bscan_inst/tck_bs |            33.0 |
| hdmi_out_clk_OBUF                                                                          | design_1_i/axi_dynclk_0/U0/PXL_CLK_O                                 |            10.0 |
| mmcm_fbclk_out                                                                             | design_1_i/axi_dynclk_0/U0/Inst_mmcme2_drp/mmcm_fbclk_out            |            10.0 |
+--------------------------------------------------------------------------------------------+----------------------------------------------------------------------+-----------------+


3. Detailed Reports
-------------------

3.1 By Hierarchy
----------------

+--------------------------+-----------+
| Name                     | Power (W) |
+--------------------------+-----------+
| design_1_wrapper         |     2.469 |
|   cmos1_i2c_scl_iobuf    |     0.004 |
|   cmos1_i2c_sda_iobuf    |     0.004 |
|   dbg_hub                |     0.005 |
|     inst                 |     0.005 |
|       BSCANID.u_xsdbm_id |     0.005 |
|   design_1_i             |     2.449 |
|     Accel_Conv_0         |     0.530 |
|       inst               |     0.530 |
|     alinx_ov5640_0       |     0.014 |
|       inst               |     0.014 |
|     axi_dma_0            |     0.017 |
|       U0                 |     0.017 |
|     axi_dynclk_0         |     0.111 |
|       U0                 |     0.111 |
|     axi_mem_intercon     |     0.005 |
|       m00_couplers       |     0.003 |
|       xbar               |     0.003 |
|     axi_vdma_0           |     0.024 |
|       U0                 |     0.024 |
|     axi_vdma_1           |     0.012 |
|       U0                 |     0.012 |
|     axi_vdma_2           |     0.016 |
|       U0                 |     0.016 |
|     broad0               |     0.012 |
|       inst               |     0.012 |
|     broad1               |     0.012 |
|       inst               |     0.012 |
|     hls_preprocess_0     |     0.005 |
|       inst               |     0.005 |
|     hls_rect_0           |     0.023 |
|       inst               |     0.023 |
|     ila_0                |     0.013 |
|       inst               |     0.013 |
|     ila_3                |     0.010 |
|       inst               |     0.010 |
|     out5640              |     0.011 |
|       inst               |     0.011 |
|     pre_out              |     0.013 |
|       inst               |     0.013 |
|     processing_system7_0 |     1.548 |
|       inst               |     1.548 |
|     ps7_0_axi_periph     |     0.008 |
|       s00_couplers       |     0.005 |
|       xbar               |     0.002 |
|     subset5640           |     0.012 |
|       inst               |     0.012 |
|     system_ila_0         |     0.034 |
|       inst               |     0.034 |
|     v_axi4s_vid_out_0    |     0.005 |
|       inst               |     0.005 |
|     v_tc_0               |     0.014 |
|       U0                 |     0.014 |
|   hdmi_i2c_scl_iobuf     |     0.001 |
|   hdmi_i2c_sda_iobuf     |     0.001 |
+--------------------------+-----------+


